#! /usr/bin/vvp
:ivl_version "12.0 (stable)";
:ivl_delay_selection "TYPICAL";
:vpi_time_precision - 12;
:vpi_module "/usr/lib/x86_64-linux-gnu/ivl/system.vpi";
:vpi_module "/usr/lib/x86_64-linux-gnu/ivl/vhdl_sys.vpi";
:vpi_module "/usr/lib/x86_64-linux-gnu/ivl/vhdl_textio.vpi";
:vpi_module "/usr/lib/x86_64-linux-gnu/ivl/v2005_math.vpi";
:vpi_module "/usr/lib/x86_64-linux-gnu/ivl/va_math.vpi";
S_0x636a16aff8d0 .scope module, "paridad_TB" "paridad_TB" 2 3;
 .timescale -9 -12;
v0x636a16b2f770_0 .var "A_in", 31 0;
v0x636a16b2f850_0 .net "bit_out", 0 0, v0x636a16b2e7f0_0;  1 drivers
v0x636a16b2f910_0 .var "clk", 0 0;
v0x636a16b2f9b0_0 .net "done", 0 0, v0x636a16b2d470_0;  1 drivers
v0x636a16b2faa0_0 .var "init", 0 0;
v0x636a16b2fbe0_0 .var "rst", 0 0;
E_0x636a16afe200 .event posedge, v0x636a16b2d470_0;
S_0x636a16affa60 .scope module, "uut" "paridad" 2 14, 3 1 0, S_0x636a16aff8d0;
 .timescale -9 -12;
    .port_info 0 /INPUT 1 "clk";
    .port_info 1 /INPUT 1 "rst";
    .port_info 2 /INPUT 1 "init";
    .port_info 3 /INPUT 32 "A_in";
    .port_info 4 /OUTPUT 1 "bit_out";
    .port_info 5 /OUTPUT 1 "done";
v0x636a16b2eb40_0 .net "A_in", 31 0, v0x636a16b2f770_0;  1 drivers
L_0x796aa5040018 .functor BUFT 1, C4<000000>, C4<0>, C4<0>, C4<0>;
v0x636a16b2ec20_0 .net/2u *"_ivl_0", 5 0, L_0x796aa5040018;  1 drivers
v0x636a16b2ece0_0 .net "bit_out", 0 0, v0x636a16b2e7f0_0;  alias, 1 drivers
v0x636a16b2edb0_0 .net "clk", 0 0, v0x636a16b2f910_0;  1 drivers
v0x636a16b2ee50_0 .net "done", 0 0, v0x636a16b2d470_0;  alias, 1 drivers
v0x636a16b2ef40_0 .net "init", 0 0, v0x636a16b2faa0_0;  1 drivers
v0x636a16b2f010_0 .net "ld", 0 0, v0x636a16b2d5d0_0;  1 drivers
v0x636a16b2f140_0 .net "pari", 0 0, v0x636a16b2d7d0_0;  1 drivers
v0x636a16b2f1e0_0 .net "rst", 0 0, v0x636a16b2fbe0_0;  1 drivers
v0x636a16b2f310_0 .net "sum", 0 0, v0x636a16b2da30_0;  1 drivers
v0x636a16b2f440_0 .net "w_A", 31 0, v0x636a16b2e070_0;  1 drivers
v0x636a16b2f4e0_0 .net "w_count", 5 0, v0x636a16b2c4a0_0;  1 drivers
v0x636a16b2f5b0_0 .net "w_i", 5 0, v0x636a16b2cb50_0;  1 drivers
v0x636a16b2f680_0 .net "x", 0 0, L_0x636a16b2fd10;  1 drivers
L_0x636a16b2fd10 .cmp/eq 6, v0x636a16b2cb50_0, L_0x796aa5040018;
L_0x636a16b2fe50 .part v0x636a16b2e070_0, 0, 1;
L_0x636a16b2ff40 .part v0x636a16b2c4a0_0, 0, 1;
L_0x636a16b30030 .part v0x636a16b2c4a0_0, 0, 1;
S_0x636a16b09e20 .scope module, "contador" "count" 3 55, 4 1 0, S_0x636a16affa60;
 .timescale -9 -12;
    .port_info 0 /INPUT 1 "clk";
    .port_info 1 /INPUT 1 "ld";
    .port_info 2 /INPUT 1 "rst";
    .port_info 3 /INPUT 1 "sum";
    .port_info 4 /INPUT 1 "bit_A";
    .port_info 5 /OUTPUT 6 "out_count";
v0x636a16ae96e0_0 .net "bit_A", 0 0, L_0x636a16b2fe50;  1 drivers
v0x636a16aead40_0 .net "clk", 0 0, v0x636a16b2f910_0;  alias, 1 drivers
v0x636a16b2c400_0 .net "ld", 0 0, v0x636a16b2d5d0_0;  alias, 1 drivers
v0x636a16b2c4a0_0 .var "out_count", 5 0;
o0x796aa50890d8 .functor BUFZ 1, C4<z>; HiZ drive
v0x636a16b2c580_0 .net "rst", 0 0, o0x796aa50890d8;  0 drivers
v0x636a16b2c690_0 .net "sum", 0 0, v0x636a16b2da30_0;  alias, 1 drivers
E_0x636a16ae02d0 .event negedge, v0x636a16aead40_0;
S_0x636a16b2c810 .scope module, "contador_i" "i" 3 70, 5 1 0, S_0x636a16affa60;
 .timescale -9 -12;
    .port_info 0 /INPUT 1 "clk";
    .port_info 1 /INPUT 1 "ld";
    .port_info 2 /INPUT 1 "resta";
    .port_info 3 /OUTPUT 6 "out_i";
v0x636a16b2ca10_0 .net "clk", 0 0, v0x636a16b2f910_0;  alias, 1 drivers
v0x636a16b2cab0_0 .net "ld", 0 0, v0x636a16b2d5d0_0;  alias, 1 drivers
v0x636a16b2cb50_0 .var "out_i", 5 0;
v0x636a16b2cbf0_0 .net "resta", 0 0, v0x636a16b2da30_0;  alias, 1 drivers
S_0x636a16b2cd00 .scope module, "controlador" "control" 3 99, 6 1 0, S_0x636a16affa60;
 .timescale -9 -12;
    .port_info 0 /INPUT 1 "clk";
    .port_info 1 /INPUT 1 "rst";
    .port_info 2 /INPUT 1 "init";
    .port_info 3 /INPUT 1 "x";
    .port_info 4 /INPUT 1 "lsb_count";
    .port_info 5 /OUTPUT 1 "ld";
    .port_info 6 /OUTPUT 1 "sum";
    .port_info 7 /OUTPUT 1 "done";
    .port_info 8 /OUTPUT 1 "pari";
P_0x636a16af05a0 .param/l "CHECK_1" 0 6 19, C4<011>;
P_0x636a16af05e0 .param/l "CHECK_2" 0 6 20, C4<100>;
P_0x636a16af0620 .param/l "DONE" 0 6 22, C4<110>;
P_0x636a16af0660 .param/l "LOAD" 0 6 17, C4<001>;
P_0x636a16af06a0 .param/l "PARI" 0 6 21, C4<101>;
P_0x636a16af06e0 .param/l "START" 0 6 16, C4<000>;
P_0x636a16af0720 .param/l "SUM_SH" 0 6 18, C4<010>;
v0x636a16b2d360_0 .net "clk", 0 0, v0x636a16b2f910_0;  alias, 1 drivers
v0x636a16b2d470_0 .var "done", 0 0;
v0x636a16b2d530_0 .net "init", 0 0, v0x636a16b2faa0_0;  alias, 1 drivers
v0x636a16b2d5d0_0 .var "ld", 0 0;
v0x636a16b2d6c0_0 .net "lsb_count", 0 0, L_0x636a16b30030;  1 drivers
v0x636a16b2d7d0_0 .var "pari", 0 0;
v0x636a16b2d890_0 .net "rst", 0 0, v0x636a16b2fbe0_0;  alias, 1 drivers
v0x636a16b2d950_0 .var "state", 2 0;
v0x636a16b2da30_0 .var "sum", 0 0;
v0x636a16b2dad0_0 .net "x", 0 0, L_0x636a16b2fd10;  alias, 1 drivers
E_0x636a16afe3f0 .event anyedge, v0x636a16b2d950_0;
E_0x636a16af2f40 .event posedge, v0x636a16aead40_0;
S_0x636a16b2dd00 .scope module, "registro_A" "reg_A" 3 39, 7 1 0, S_0x636a16affa60;
 .timescale -9 -12;
    .port_info 0 /INPUT 1 "clk";
    .port_info 1 /INPUT 1 "rst";
    .port_info 2 /INPUT 1 "ld";
    .port_info 3 /INPUT 1 "sh";
    .port_info 4 /INPUT 32 "A_in";
    .port_info 5 /OUTPUT 32 "A_out";
v0x636a16b2df70_0 .net "A_in", 31 0, v0x636a16b2f770_0;  alias, 1 drivers
v0x636a16b2e070_0 .var "A_out", 31 0;
v0x636a16b2e150_0 .net "clk", 0 0, v0x636a16b2f910_0;  alias, 1 drivers
v0x636a16b2e1f0_0 .net "ld", 0 0, v0x636a16b2d5d0_0;  alias, 1 drivers
v0x636a16b2e290_0 .net "rst", 0 0, v0x636a16b2fbe0_0;  alias, 1 drivers
v0x636a16b2e380_0 .net "sh", 0 0, v0x636a16b2da30_0;  alias, 1 drivers
S_0x636a16b2e4e0 .scope module, "registro_paridad" "bit_par" 3 84, 8 1 0, S_0x636a16affa60;
 .timescale -9 -12;
    .port_info 0 /INPUT 1 "clk";
    .port_info 1 /INPUT 1 "rst";
    .port_info 2 /INPUT 1 "ld";
    .port_info 3 /INPUT 1 "bit_in";
    .port_info 4 /OUTPUT 1 "bit_out";
v0x636a16b2e710_0 .net "bit_in", 0 0, L_0x636a16b2ff40;  1 drivers
v0x636a16b2e7f0_0 .var "bit_out", 0 0;
v0x636a16b2e8b0_0 .net "clk", 0 0, v0x636a16b2f910_0;  alias, 1 drivers
v0x636a16b2e950_0 .net "ld", 0 0, v0x636a16b2d7d0_0;  alias, 1 drivers
v0x636a16b2e9f0_0 .net "rst", 0 0, v0x636a16b2fbe0_0;  alias, 1 drivers
    .scope S_0x636a16b2dd00;
T_0 ;
    %wait E_0x636a16ae02d0;
    %load/vec4 v0x636a16b2e290_0;
    %flag_set/vec4 8;
    %jmp/0xz  T_0.0, 8;
    %pushi/vec4 0, 0, 32;
    %assign/vec4 v0x636a16b2e070_0, 0;
    %jmp T_0.1;
T_0.0 ;
    %load/vec4 v0x636a16b2e1f0_0;
    %flag_set/vec4 8;
    %jmp/0xz  T_0.2, 8;
    %load/vec4 v0x636a16b2df70_0;
    %assign/vec4 v0x636a16b2e070_0, 0;
    %jmp T_0.3;
T_0.2 ;
    %load/vec4 v0x636a16b2e380_0;
    %flag_set/vec4 8;
    %jmp/0xz  T_0.4, 8;
    %load/vec4 v0x636a16b2e070_0;
    %ix/load 4, 1, 0;
    %flag_set/imm 4, 0;
    %shiftr 4;
    %assign/vec4 v0x636a16b2e070_0, 0;
T_0.4 ;
T_0.3 ;
T_0.1 ;
    %jmp T_0;
    .thread T_0;
    .scope S_0x636a16b09e20;
T_1 ;
    %wait E_0x636a16ae02d0;
    %load/vec4 v0x636a16b2c400_0;
    %flag_set/vec4 8;
    %jmp/0xz  T_1.0, 8;
    %pushi/vec4 0, 0, 6;
    %assign/vec4 v0x636a16b2c4a0_0, 0;
    %jmp T_1.1;
T_1.0 ;
    %load/vec4 v0x636a16b2c690_0;
    %flag_set/vec4 8;
    %jmp/0xz  T_1.2, 8;
    %load/vec4 v0x636a16b2c4a0_0;
    %load/vec4 v0x636a16ae96e0_0;
    %pad/u 6;
    %add;
    %assign/vec4 v0x636a16b2c4a0_0, 0;
    %jmp T_1.3;
T_1.2 ;
    %load/vec4 v0x636a16b2c4a0_0;
    %assign/vec4 v0x636a16b2c4a0_0, 0;
T_1.3 ;
T_1.1 ;
    %jmp T_1;
    .thread T_1;
    .scope S_0x636a16b2c810;
T_2 ;
    %wait E_0x636a16ae02d0;
    %load/vec4 v0x636a16b2cab0_0;
    %flag_set/vec4 8;
    %jmp/0xz  T_2.0, 8;
    %pushi/vec4 32, 0, 6;
    %assign/vec4 v0x636a16b2cb50_0, 0;
    %jmp T_2.1;
T_2.0 ;
    %load/vec4 v0x636a16b2cbf0_0;
    %flag_set/vec4 8;
    %jmp/0xz  T_2.2, 8;
    %load/vec4 v0x636a16b2cb50_0;
    %subi 1, 0, 6;
    %assign/vec4 v0x636a16b2cb50_0, 0;
    %jmp T_2.3;
T_2.2 ;
    %load/vec4 v0x636a16b2cb50_0;
    %assign/vec4 v0x636a16b2cb50_0, 0;
T_2.3 ;
T_2.1 ;
    %jmp T_2;
    .thread T_2;
    .scope S_0x636a16b2e4e0;
T_3 ;
    %wait E_0x636a16ae02d0;
    %load/vec4 v0x636a16b2e9f0_0;
    %flag_set/vec4 8;
    %jmp/0xz  T_3.0, 8;
    %pushi/vec4 0, 0, 1;
    %assign/vec4 v0x636a16b2e7f0_0, 0;
    %jmp T_3.1;
T_3.0 ;
    %load/vec4 v0x636a16b2e950_0;
    %flag_set/vec4 8;
    %jmp/0xz  T_3.2, 8;
    %load/vec4 v0x636a16b2e710_0;
    %assign/vec4 v0x636a16b2e7f0_0, 0;
    %jmp T_3.3;
T_3.2 ;
    %load/vec4 v0x636a16b2e7f0_0;
    %assign/vec4 v0x636a16b2e7f0_0, 0;
T_3.3 ;
T_3.1 ;
    %jmp T_3;
    .thread T_3;
    .scope S_0x636a16b2cd00;
T_4 ;
    %wait E_0x636a16af2f40;
    %load/vec4 v0x636a16b2d890_0;
    %flag_set/vec4 8;
    %jmp/0xz  T_4.0, 8;
    %pushi/vec4 0, 0, 3;
    %assign/vec4 v0x636a16b2d950_0, 0;
    %jmp T_4.1;
T_4.0 ;
    %load/vec4 v0x636a16b2d950_0;
    %dup/vec4;
    %pushi/vec4 0, 0, 3;
    %cmp/u;
    %jmp/1 T_4.2, 6;
    %dup/vec4;
    %pushi/vec4 1, 0, 3;
    %cmp/u;
    %jmp/1 T_4.3, 6;
    %dup/vec4;
    %pushi/vec4 2, 0, 3;
    %cmp/u;
    %jmp/1 T_4.4, 6;
    %dup/vec4;
    %pushi/vec4 3, 0, 3;
    %cmp/u;
    %jmp/1 T_4.5, 6;
    %dup/vec4;
    %pushi/vec4 5, 0, 3;
    %cmp/u;
    %jmp/1 T_4.6, 6;
    %dup/vec4;
    %pushi/vec4 6, 0, 3;
    %cmp/u;
    %jmp/1 T_4.7, 6;
    %pushi/vec4 0, 0, 3;
    %assign/vec4 v0x636a16b2d950_0, 0;
    %jmp T_4.9;
T_4.2 ;
    %load/vec4 v0x636a16b2d530_0;
    %flag_set/vec4 8;
    %jmp/0xz  T_4.10, 8;
    %pushi/vec4 1, 0, 3;
    %assign/vec4 v0x636a16b2d950_0, 0;
    %jmp T_4.11;
T_4.10 ;
    %pushi/vec4 0, 0, 3;
    %assign/vec4 v0x636a16b2d950_0, 0;
T_4.11 ;
    %jmp T_4.9;
T_4.3 ;
    %pushi/vec4 2, 0, 3;
    %assign/vec4 v0x636a16b2d950_0, 0;
    %jmp T_4.9;
T_4.4 ;
    %pushi/vec4 3, 0, 3;
    %assign/vec4 v0x636a16b2d950_0, 0;
    %jmp T_4.9;
T_4.5 ;
    %load/vec4 v0x636a16b2dad0_0;
    %flag_set/vec4 8;
    %jmp/0xz  T_4.12, 8;
    %pushi/vec4 5, 0, 3;
    %assign/vec4 v0x636a16b2d950_0, 0;
    %jmp T_4.13;
T_4.12 ;
    %pushi/vec4 2, 0, 3;
    %assign/vec4 v0x636a16b2d950_0, 0;
T_4.13 ;
    %jmp T_4.9;
T_4.6 ;
    %pushi/vec4 6, 0, 3;
    %assign/vec4 v0x636a16b2d950_0, 0;
    %jmp T_4.9;
T_4.7 ;
    %pushi/vec4 0, 0, 3;
    %assign/vec4 v0x636a16b2d950_0, 0;
    %jmp T_4.9;
T_4.9 ;
    %pop/vec4 1;
T_4.1 ;
    %jmp T_4;
    .thread T_4;
    .scope S_0x636a16b2cd00;
T_5 ;
    %wait E_0x636a16afe3f0;
    %pushi/vec4 0, 0, 1;
    %store/vec4 v0x636a16b2d5d0_0, 0, 1;
    %pushi/vec4 0, 0, 1;
    %store/vec4 v0x636a16b2da30_0, 0, 1;
    %pushi/vec4 0, 0, 1;
    %store/vec4 v0x636a16b2d470_0, 0, 1;
    %pushi/vec4 0, 0, 1;
    %store/vec4 v0x636a16b2d7d0_0, 0, 1;
    %load/vec4 v0x636a16b2d950_0;
    %dup/vec4;
    %pushi/vec4 0, 0, 3;
    %cmp/u;
    %jmp/1 T_5.0, 6;
    %dup/vec4;
    %pushi/vec4 1, 0, 3;
    %cmp/u;
    %jmp/1 T_5.1, 6;
    %dup/vec4;
    %pushi/vec4 2, 0, 3;
    %cmp/u;
    %jmp/1 T_5.2, 6;
    %dup/vec4;
    %pushi/vec4 3, 0, 3;
    %cmp/u;
    %jmp/1 T_5.3, 6;
    %dup/vec4;
    %pushi/vec4 4, 0, 3;
    %cmp/u;
    %jmp/1 T_5.4, 6;
    %dup/vec4;
    %pushi/vec4 5, 0, 3;
    %cmp/u;
    %jmp/1 T_5.5, 6;
    %dup/vec4;
    %pushi/vec4 6, 0, 3;
    %cmp/u;
    %jmp/1 T_5.6, 6;
    %jmp T_5.7;
T_5.0 ;
    %pushi/vec4 0, 0, 1;
    %store/vec4 v0x636a16b2d5d0_0, 0, 1;
    %pushi/vec4 0, 0, 1;
    %store/vec4 v0x636a16b2da30_0, 0, 1;
    %pushi/vec4 0, 0, 1;
    %store/vec4 v0x636a16b2d470_0, 0, 1;
    %pushi/vec4 0, 0, 1;
    %store/vec4 v0x636a16b2d7d0_0, 0, 1;
    %jmp T_5.7;
T_5.1 ;
    %pushi/vec4 1, 0, 1;
    %store/vec4 v0x636a16b2d5d0_0, 0, 1;
    %pushi/vec4 0, 0, 1;
    %store/vec4 v0x636a16b2da30_0, 0, 1;
    %pushi/vec4 0, 0, 1;
    %store/vec4 v0x636a16b2d470_0, 0, 1;
    %pushi/vec4 0, 0, 1;
    %store/vec4 v0x636a16b2d7d0_0, 0, 1;
    %jmp T_5.7;
T_5.2 ;
    %pushi/vec4 0, 0, 1;
    %store/vec4 v0x636a16b2d5d0_0, 0, 1;
    %pushi/vec4 1, 0, 1;
    %store/vec4 v0x636a16b2da30_0, 0, 1;
    %pushi/vec4 0, 0, 1;
    %store/vec4 v0x636a16b2d470_0, 0, 1;
    %pushi/vec4 0, 0, 1;
    %store/vec4 v0x636a16b2d7d0_0, 0, 1;
    %jmp T_5.7;
T_5.3 ;
    %pushi/vec4 0, 0, 1;
    %store/vec4 v0x636a16b2d5d0_0, 0, 1;
    %pushi/vec4 0, 0, 1;
    %store/vec4 v0x636a16b2da30_0, 0, 1;
    %pushi/vec4 0, 0, 1;
    %store/vec4 v0x636a16b2d470_0, 0, 1;
    %pushi/vec4 0, 0, 1;
    %store/vec4 v0x636a16b2d7d0_0, 0, 1;
    %jmp T_5.7;
T_5.4 ;
    %pushi/vec4 0, 0, 1;
    %store/vec4 v0x636a16b2d5d0_0, 0, 1;
    %pushi/vec4 0, 0, 1;
    %store/vec4 v0x636a16b2da30_0, 0, 1;
    %pushi/vec4 0, 0, 1;
    %store/vec4 v0x636a16b2d470_0, 0, 1;
    %pushi/vec4 0, 0, 1;
    %store/vec4 v0x636a16b2d7d0_0, 0, 1;
    %jmp T_5.7;
T_5.5 ;
    %pushi/vec4 0, 0, 1;
    %store/vec4 v0x636a16b2d5d0_0, 0, 1;
    %pushi/vec4 0, 0, 1;
    %store/vec4 v0x636a16b2da30_0, 0, 1;
    %pushi/vec4 0, 0, 1;
    %store/vec4 v0x636a16b2d470_0, 0, 1;
    %pushi/vec4 1, 0, 1;
    %store/vec4 v0x636a16b2d7d0_0, 0, 1;
    %jmp T_5.7;
T_5.6 ;
    %pushi/vec4 0, 0, 1;
    %store/vec4 v0x636a16b2d5d0_0, 0, 1;
    %pushi/vec4 0, 0, 1;
    %store/vec4 v0x636a16b2da30_0, 0, 1;
    %pushi/vec4 1, 0, 1;
    %store/vec4 v0x636a16b2d470_0, 0, 1;
    %pushi/vec4 0, 0, 1;
    %store/vec4 v0x636a16b2d7d0_0, 0, 1;
    %jmp T_5.7;
T_5.7 ;
    %pop/vec4 1;
    %jmp T_5;
    .thread T_5, $push;
    .scope S_0x636a16aff8d0;
T_6 ;
    %delay 10000, 0;
    %load/vec4 v0x636a16b2f910_0;
    %inv;
    %store/vec4 v0x636a16b2f910_0, 0, 1;
    %jmp T_6;
    .thread T_6;
    .scope S_0x636a16aff8d0;
T_7 ;
    %vpi_call 2 40 "$dumpfile", "paridad_TB.vcd" {0 0 0};
    %vpi_call 2 41 "$dumpvars", 32'sb00000000000000000000000000000000, S_0x636a16aff8d0 {0 0 0};
    %pushi/vec4 0, 0, 1;
    %store/vec4 v0x636a16b2f910_0, 0, 1;
    %pushi/vec4 1, 0, 1;
    %store/vec4 v0x636a16b2fbe0_0, 0, 1;
    %pushi/vec4 0, 0, 1;
    %store/vec4 v0x636a16b2faa0_0, 0, 1;
    %pushi/vec4 0, 0, 32;
    %store/vec4 v0x636a16b2f770_0, 0, 32;
    %delay 20000, 0;
    %pushi/vec4 0, 0, 1;
    %store/vec4 v0x636a16b2fbe0_0, 0, 1;
    %delay 20000, 0;
    %pushi/vec4 13, 0, 32;
    %store/vec4 v0x636a16b2f770_0, 0, 32;
    %pushi/vec4 1, 0, 1;
    %store/vec4 v0x636a16b2faa0_0, 0, 1;
    %delay 20000, 0;
    %pushi/vec4 0, 0, 1;
    %store/vec4 v0x636a16b2faa0_0, 0, 1;
    %wait E_0x636a16afe200;
    %delay 40000, 0;
    %vpi_call 2 64 "$display", "PRUEBA 1" {0 0 0};
    %vpi_call 2 65 "$display", "Numero = %d", v0x636a16b2f770_0 {0 0 0};
    %vpi_call 2 66 "$display", "Bit de paridad = %d", v0x636a16b2f850_0 {0 0 0};
    %delay 100000, 0;
    %pushi/vec4 10, 0, 32;
    %store/vec4 v0x636a16b2f770_0, 0, 32;
    %pushi/vec4 1, 0, 1;
    %store/vec4 v0x636a16b2faa0_0, 0, 1;
    %delay 20000, 0;
    %pushi/vec4 0, 0, 1;
    %store/vec4 v0x636a16b2faa0_0, 0, 1;
    %wait E_0x636a16afe200;
    %delay 40000, 0;
    %vpi_call 2 82 "$display", "PRUEBA 2" {0 0 0};
    %vpi_call 2 83 "$display", "Numero = %d", v0x636a16b2f770_0 {0 0 0};
    %vpi_call 2 84 "$display", "Bit de paridad = %d", v0x636a16b2f850_0 {0 0 0};
    %delay 40000, 0;
    %vpi_call 2 88 "$finish" {0 0 0};
    %end;
    .thread T_7;
# The file index is used to find the file name in the following table.
:file_names 9;
    "N/A";
    "<interactive>";
    "paridad_TB.v";
    "paridad.v";
    "count.v";
    "i.v";
    "control.v";
    "reg_A.v";
    "bit_par.v";
