#! /usr/bin/vvp
:ivl_version "12.0 (stable)";
:ivl_delay_selection "TYPICAL";
:vpi_time_precision - 12;
:vpi_module "/usr/lib/x86_64-linux-gnu/ivl/system.vpi";
:vpi_module "/usr/lib/x86_64-linux-gnu/ivl/vhdl_sys.vpi";
:vpi_module "/usr/lib/x86_64-linux-gnu/ivl/vhdl_textio.vpi";
:vpi_module "/usr/lib/x86_64-linux-gnu/ivl/v2005_math.vpi";
:vpi_module "/usr/lib/x86_64-linux-gnu/ivl/va_math.vpi";
S_0x62d9fc73f9e0 .scope module, "raiz_TB" "raiz_TB" 2 2;
 .timescale -9 -12;
v0x62d9fc771510_0 .net "R", 15 0, v0x62d9fc76f470_0;  1 drivers
v0x62d9fc7715f0_0 .var "a", 31 0;
v0x62d9fc771700_0 .var "clk", 0 0;
v0x62d9fc7717a0_0 .net "done_raiz", 0 0, v0x62d9fc76d6a0_0;  1 drivers
v0x62d9fc771890_0 .var "init", 0 0;
v0x62d9fc7719d0_0 .net "resi", 31 0, L_0x62d9fc7254f0;  1 drivers
v0x62d9fc771a70_0 .var "rst_hardware", 0 0;
E_0x62d9fc734730 .event posedge, v0x62d9fc76d6a0_0;
S_0x62d9fc73fb70 .scope module, "uut" "raiz" 2 11, 3 1 0, S_0x62d9fc73f9e0;
 .timescale -9 -12;
    .port_info 0 /INPUT 1 "clk";
    .port_info 1 /INPUT 1 "rst_hardware";
    .port_info 2 /INPUT 1 "init";
    .port_info 3 /INPUT 32 "a";
    .port_info 4 /OUTPUT 16 "R";
    .port_info 5 /OUTPUT 32 "resi";
    .port_info 6 /OUTPUT 1 "done_raiz";
L_0x74d686a6e0a8 .functor BUFT 1, C4<00000000000000000000000000000001>, C4<0>, C4<0>, C4<0>;
L_0x62d9fc7260b0 .functor OR 32, L_0x62d9fc771de0, L_0x74d686a6e0a8, C4<00000000000000000000000000000000>, C4<00000000000000000000000000000000>;
L_0x62d9fc7254f0 .functor BUFZ 32, L_0x62d9fc782070, C4<00000000000000000000000000000000>, C4<00000000000000000000000000000000>, C4<00000000000000000000000000000000>;
v0x62d9fc770000_0 .net "R", 15 0, v0x62d9fc76f470_0;  alias, 1 drivers
L_0x74d686a6e018 .functor BUFT 1, C4<000000>, C4<0>, C4<0>, C4<0>;
v0x62d9fc770130_0 .net/2u *"_ivl_0", 5 0, L_0x74d686a6e018;  1 drivers
v0x62d9fc770210_0 .net/2u *"_ivl_10", 31 0, L_0x74d686a6e0a8;  1 drivers
v0x62d9fc7702d0_0 .net *"_ivl_4", 31 0, L_0x62d9fc771de0;  1 drivers
v0x62d9fc7703b0_0 .net *"_ivl_6", 30 0, L_0x62d9fc771cf0;  1 drivers
L_0x74d686a6e060 .functor BUFT 1, C4<0>, C4<0>, C4<0>, C4<0>;
v0x62d9fc7704e0_0 .net *"_ivl_8", 0 0, L_0x74d686a6e060;  1 drivers
v0x62d9fc7705c0_0 .net "a", 31 0, v0x62d9fc7715f0_0;  1 drivers
v0x62d9fc770680_0 .net "clk", 0 0, v0x62d9fc771700_0;  1 drivers
v0x62d9fc770720_0 .net "done_raiz", 0 0, v0x62d9fc76d6a0_0;  alias, 1 drivers
v0x62d9fc770850_0 .net "init", 0 0, v0x62d9fc771890_0;  1 drivers
v0x62d9fc770920_0 .net "resi", 31 0, L_0x62d9fc7254f0;  alias, 1 drivers
v0x62d9fc7709c0_0 .net "rst_hardware", 0 0, v0x62d9fc771a70_0;  1 drivers
v0x62d9fc770a90_0 .net "w_comp_out", 31 0, v0x62d9fc76e300_0;  1 drivers
v0x62d9fc770b60_0 .net "w_comp_shifted", 31 0, L_0x62d9fc7260b0;  1 drivers
v0x62d9fc770c30_0 .net "w_ld", 0 0, v0x62d9fc76d7e0_0;  1 drivers
v0x62d9fc770cd0_0 .net "w_ld_comp", 0 0, v0x62d9fc76d880_0;  1 drivers
v0x62d9fc770d70_0 .net "w_new_resi", 31 0, L_0x62d9fc782290;  1 drivers
v0x62d9fc770e60_0 .net "w_nr", 0 0, v0x62d9fc76d970_0;  1 drivers
v0x62d9fc770f50_0 .net "w_out_count", 5 0, v0x62d9fc74c710_0;  1 drivers
v0x62d9fc770ff0_0 .net "w_resi_out", 31 0, L_0x62d9fc782070;  1 drivers
v0x62d9fc7710e0_0 .net "w_ro", 0 0, v0x62d9fc76da30_0;  1 drivers
v0x62d9fc7711d0_0 .net "w_sh", 0 0, v0x62d9fc76dbb0_0;  1 drivers
v0x62d9fc771270_0 .net "w_subA_out", 31 0, L_0x62d9fc7821a0;  1 drivers
v0x62d9fc771330_0 .net "w_suf", 0 0, L_0x62d9fc74c5f0;  1 drivers
v0x62d9fc7713d0_0 .net "w_z", 0 0, L_0x62d9fc771b60;  1 drivers
L_0x62d9fc771b60 .cmp/eq 6, v0x62d9fc74c710_0, L_0x74d686a6e018;
L_0x62d9fc771cf0 .part v0x62d9fc76e300_0, 0, 31;
L_0x62d9fc771de0 .concat [ 1 31 0 0], L_0x74d686a6e060, L_0x62d9fc771cf0;
S_0x62d9fc72b3f0 .scope module, "contador" "count" 3 82, 4 1 0, S_0x62d9fc73fb70;
 .timescale -9 -12;
    .port_info 0 /INPUT 1 "clk";
    .port_info 1 /INPUT 1 "ld";
    .port_info 2 /INPUT 1 "resta";
    .port_info 3 /INPUT 6 "n";
    .port_info 4 /OUTPUT 6 "out_count";
v0x62d9fc74f8b0_0 .net "clk", 0 0, v0x62d9fc771700_0;  alias, 1 drivers
v0x62d9fc74beb0_0 .net "ld", 0 0, v0x62d9fc76d7e0_0;  alias, 1 drivers
L_0x74d686a6e0f0 .functor BUFT 1, C4<010000>, C4<0>, C4<0>, C4<0>;
v0x62d9fc725610_0 .net "n", 5 0, L_0x74d686a6e0f0;  1 drivers
v0x62d9fc74c710_0 .var "out_count", 5 0;
v0x62d9fc76cdc0_0 .net "resta", 0 0, v0x62d9fc76dbb0_0;  alias, 1 drivers
E_0x62d9fc7331e0 .event negedge, v0x62d9fc74f8b0_0;
S_0x62d9fc76cf70 .scope module, "control_unit" "control" 3 34, 5 1 0, S_0x62d9fc73fb70;
 .timescale -9 -12;
    .port_info 0 /INPUT 1 "clk";
    .port_info 1 /INPUT 1 "rst_hardware";
    .port_info 2 /INPUT 1 "init";
    .port_info 3 /INPUT 1 "suf";
    .port_info 4 /INPUT 1 "z";
    .port_info 5 /OUTPUT 1 "ld";
    .port_info 6 /OUTPUT 1 "sh";
    .port_info 7 /OUTPUT 1 "ro";
    .port_info 8 /OUTPUT 1 "nr";
    .port_info 9 /OUTPUT 1 "ld_comp";
    .port_info 10 /OUTPUT 1 "done";
P_0x62d9fc76d170 .param/l "CORRER" 1 5 18, C4<001>;
P_0x62d9fc76d1b0 .param/l "DONE" 1 5 22, C4<101>;
P_0x62d9fc76d1f0 .param/l "LD_COMP" 1 5 19, C4<010>;
P_0x62d9fc76d230 .param/l "R_0" 1 5 21, C4<100>;
P_0x62d9fc76d270 .param/l "START" 1 5 17, C4<000>;
P_0x62d9fc76d2b0 .param/l "SUM" 1 5 20, C4<011>;
v0x62d9fc76d5e0_0 .net "clk", 0 0, v0x62d9fc771700_0;  alias, 1 drivers
v0x62d9fc76d6a0_0 .var "done", 0 0;
v0x62d9fc76d740_0 .net "init", 0 0, v0x62d9fc771890_0;  alias, 1 drivers
v0x62d9fc76d7e0_0 .var "ld", 0 0;
v0x62d9fc76d880_0 .var "ld_comp", 0 0;
v0x62d9fc76d970_0 .var "nr", 0 0;
v0x62d9fc76da30_0 .var "ro", 0 0;
v0x62d9fc76daf0_0 .net "rst_hardware", 0 0, v0x62d9fc771a70_0;  alias, 1 drivers
v0x62d9fc76dbb0_0 .var "sh", 0 0;
v0x62d9fc76dc50_0 .var "state", 2 0;
v0x62d9fc76dd10_0 .net "suf", 0 0, L_0x62d9fc74c5f0;  alias, 1 drivers
v0x62d9fc76ddd0_0 .net "z", 0 0, L_0x62d9fc771b60;  alias, 1 drivers
E_0x62d9fc712390 .event anyedge, v0x62d9fc76dc50_0;
E_0x62d9fc74f420 .event posedge, v0x62d9fc74f8b0_0;
S_0x62d9fc76e050 .scope module, "reg_comparador" "reg_comp" 3 67, 6 1 0, S_0x62d9fc73fb70;
 .timescale -9 -12;
    .port_info 0 /INPUT 1 "clk";
    .port_info 1 /INPUT 1 "reset";
    .port_info 2 /INPUT 1 "ld_comp";
    .port_info 3 /INPUT 16 "r_in";
    .port_info 4 /OUTPUT 32 "comp_out";
v0x62d9fc76e210_0 .net "clk", 0 0, v0x62d9fc771700_0;  alias, 1 drivers
v0x62d9fc76e300_0 .var "comp_out", 31 0;
v0x62d9fc76e3e0_0 .net "ld_comp", 0 0, v0x62d9fc76d880_0;  alias, 1 drivers
v0x62d9fc76e4b0_0 .net "r_in", 15 0, v0x62d9fc76f470_0;  alias, 1 drivers
v0x62d9fc76e550_0 .net "reset", 0 0, v0x62d9fc76d7e0_0;  alias, 1 drivers
S_0x62d9fc76e730 .scope module, "reg_resiA" "resi_subA" 3 48, 7 1 0, S_0x62d9fc73fb70;
 .timescale -9 -12;
    .port_info 0 /INPUT 1 "clk";
    .port_info 1 /INPUT 1 "ld";
    .port_info 2 /INPUT 1 "sh";
    .port_info 3 /INPUT 1 "nr";
    .port_info 4 /INPUT 32 "radicando";
    .port_info 5 /INPUT 32 "new_resi";
    .port_info 6 /OUTPUT 32 "resi_out";
    .port_info 7 /OUTPUT 32 "subA_out";
v0x62d9fc76ea30_0 .var "A", 63 0;
v0x62d9fc76eb30_0 .net "clk", 0 0, v0x62d9fc771700_0;  alias, 1 drivers
v0x62d9fc76ebf0_0 .net "ld", 0 0, v0x62d9fc76d7e0_0;  alias, 1 drivers
v0x62d9fc76ec90_0 .net "new_resi", 31 0, L_0x62d9fc782290;  alias, 1 drivers
v0x62d9fc76ed30_0 .net "nr", 0 0, v0x62d9fc76d970_0;  alias, 1 drivers
v0x62d9fc76ee20_0 .net "radicando", 31 0, v0x62d9fc7715f0_0;  alias, 1 drivers
v0x62d9fc76eee0_0 .net "resi_out", 31 0, L_0x62d9fc782070;  alias, 1 drivers
v0x62d9fc76efc0_0 .net "sh", 0 0, v0x62d9fc76dbb0_0;  alias, 1 drivers
v0x62d9fc76f0b0_0 .net "subA_out", 31 0, L_0x62d9fc7821a0;  alias, 1 drivers
L_0x62d9fc782070 .part v0x62d9fc76ea30_0, 32, 32;
L_0x62d9fc7821a0 .part v0x62d9fc76ea30_0, 0, 32;
S_0x62d9fc76f290 .scope module, "reg_resultado" "reg_R" 3 59, 8 1 0, S_0x62d9fc73fb70;
 .timescale -9 -12;
    .port_info 0 /INPUT 1 "clk";
    .port_info 1 /INPUT 1 "ld";
    .port_info 2 /INPUT 1 "sh";
    .port_info 3 /INPUT 1 "ro";
    .port_info 4 /OUTPUT 16 "R_out";
v0x62d9fc76f470_0 .var "R_out", 15 0;
v0x62d9fc76f550_0 .net "clk", 0 0, v0x62d9fc771700_0;  alias, 1 drivers
v0x62d9fc76f680_0 .net "ld", 0 0, v0x62d9fc76d7e0_0;  alias, 1 drivers
v0x62d9fc76f7b0_0 .net "ro", 0 0, v0x62d9fc76da30_0;  alias, 1 drivers
v0x62d9fc76f880_0 .net "sh", 0 0, v0x62d9fc76dbb0_0;  alias, 1 drivers
S_0x62d9fc76f960 .scope module, "restador" "sum_C2" 3 75, 9 1 0, S_0x62d9fc73fb70;
 .timescale -9 -12;
    .port_info 0 /INPUT 32 "resi_in";
    .port_info 1 /INPUT 32 "term_in";
    .port_info 2 /OUTPUT 32 "new_resi";
    .port_info 3 /OUTPUT 1 "SUF";
L_0x62d9fc74c5f0 .functor NOT 1, L_0x62d9fc782330, C4<0>, C4<0>, C4<0>;
v0x62d9fc76faf0_0 .net "SUF", 0 0, L_0x62d9fc74c5f0;  alias, 1 drivers
v0x62d9fc76fbe0_0 .net *"_ivl_3", 0 0, L_0x62d9fc782330;  1 drivers
v0x62d9fc76fca0_0 .net "new_resi", 31 0, L_0x62d9fc782290;  alias, 1 drivers
v0x62d9fc76fda0_0 .net "resi_in", 31 0, L_0x62d9fc782070;  alias, 1 drivers
v0x62d9fc76fe70_0 .net "term_in", 31 0, L_0x62d9fc7260b0;  alias, 1 drivers
L_0x62d9fc782290 .arith/sub 32, L_0x62d9fc782070, L_0x62d9fc7260b0;
L_0x62d9fc782330 .part L_0x62d9fc782290, 31, 1;
    .scope S_0x62d9fc76cf70;
T_0 ;
    %wait E_0x62d9fc74f420;
    %load/vec4 v0x62d9fc76daf0_0;
    %flag_set/vec4 8;
    %jmp/0xz  T_0.0, 8;
    %pushi/vec4 0, 0, 3;
    %assign/vec4 v0x62d9fc76dc50_0, 0;
    %jmp T_0.1;
T_0.0 ;
    %load/vec4 v0x62d9fc76dc50_0;
    %dup/vec4;
    %pushi/vec4 0, 0, 3;
    %cmp/u;
    %jmp/1 T_0.2, 6;
    %dup/vec4;
    %pushi/vec4 1, 0, 3;
    %cmp/u;
    %jmp/1 T_0.3, 6;
    %dup/vec4;
    %pushi/vec4 2, 0, 3;
    %cmp/u;
    %jmp/1 T_0.4, 6;
    %dup/vec4;
    %pushi/vec4 3, 0, 3;
    %cmp/u;
    %jmp/1 T_0.5, 6;
    %dup/vec4;
    %pushi/vec4 4, 0, 3;
    %cmp/u;
    %jmp/1 T_0.6, 6;
    %dup/vec4;
    %pushi/vec4 5, 0, 3;
    %cmp/u;
    %jmp/1 T_0.7, 6;
    %pushi/vec4 0, 0, 3;
    %assign/vec4 v0x62d9fc76dc50_0, 0;
    %jmp T_0.9;
T_0.2 ;
    %load/vec4 v0x62d9fc76d740_0;
    %flag_set/vec4 8;
    %jmp/0xz  T_0.10, 8;
    %pushi/vec4 1, 0, 3;
    %assign/vec4 v0x62d9fc76dc50_0, 0;
    %jmp T_0.11;
T_0.10 ;
    %pushi/vec4 0, 0, 3;
    %assign/vec4 v0x62d9fc76dc50_0, 0;
T_0.11 ;
    %jmp T_0.9;
T_0.3 ;
    %pushi/vec4 2, 0, 3;
    %assign/vec4 v0x62d9fc76dc50_0, 0;
    %jmp T_0.9;
T_0.4 ;
    %load/vec4 v0x62d9fc76dd10_0;
    %flag_set/vec4 8;
    %jmp/0xz  T_0.12, 8;
    %pushi/vec4 3, 0, 3;
    %assign/vec4 v0x62d9fc76dc50_0, 0;
    %jmp T_0.13;
T_0.12 ;
    %pushi/vec4 4, 0, 3;
    %assign/vec4 v0x62d9fc76dc50_0, 0;
T_0.13 ;
    %jmp T_0.9;
T_0.5 ;
    %load/vec4 v0x62d9fc76ddd0_0;
    %flag_set/vec4 8;
    %jmp/0xz  T_0.14, 8;
    %pushi/vec4 5, 0, 3;
    %assign/vec4 v0x62d9fc76dc50_0, 0;
    %jmp T_0.15;
T_0.14 ;
    %pushi/vec4 1, 0, 3;
    %assign/vec4 v0x62d9fc76dc50_0, 0;
T_0.15 ;
    %jmp T_0.9;
T_0.6 ;
    %load/vec4 v0x62d9fc76ddd0_0;
    %flag_set/vec4 8;
    %jmp/0xz  T_0.16, 8;
    %pushi/vec4 5, 0, 3;
    %assign/vec4 v0x62d9fc76dc50_0, 0;
    %jmp T_0.17;
T_0.16 ;
    %pushi/vec4 1, 0, 3;
    %assign/vec4 v0x62d9fc76dc50_0, 0;
T_0.17 ;
    %jmp T_0.9;
T_0.7 ;
    %load/vec4 v0x62d9fc76d740_0;
    %inv;
    %flag_set/vec4 8;
    %jmp/0xz  T_0.18, 8;
    %pushi/vec4 0, 0, 3;
    %assign/vec4 v0x62d9fc76dc50_0, 0;
    %jmp T_0.19;
T_0.18 ;
    %pushi/vec4 5, 0, 3;
    %assign/vec4 v0x62d9fc76dc50_0, 0;
T_0.19 ;
    %jmp T_0.9;
T_0.9 ;
    %pop/vec4 1;
T_0.1 ;
    %jmp T_0;
    .thread T_0;
    .scope S_0x62d9fc76cf70;
T_1 ;
    %wait E_0x62d9fc712390;
    %load/vec4 v0x62d9fc76dc50_0;
    %dup/vec4;
    %pushi/vec4 0, 0, 3;
    %cmp/u;
    %jmp/1 T_1.0, 6;
    %dup/vec4;
    %pushi/vec4 1, 0, 3;
    %cmp/u;
    %jmp/1 T_1.1, 6;
    %dup/vec4;
    %pushi/vec4 2, 0, 3;
    %cmp/u;
    %jmp/1 T_1.2, 6;
    %dup/vec4;
    %pushi/vec4 3, 0, 3;
    %cmp/u;
    %jmp/1 T_1.3, 6;
    %dup/vec4;
    %pushi/vec4 4, 0, 3;
    %cmp/u;
    %jmp/1 T_1.4, 6;
    %dup/vec4;
    %pushi/vec4 5, 0, 3;
    %cmp/u;
    %jmp/1 T_1.5, 6;
    %pushi/vec4 0, 0, 1;
    %store/vec4 v0x62d9fc76d6a0_0, 0, 1;
    %pushi/vec4 0, 0, 1;
    %store/vec4 v0x62d9fc76dbb0_0, 0, 1;
    %pushi/vec4 0, 0, 1;
    %store/vec4 v0x62d9fc76d7e0_0, 0, 1;
    %pushi/vec4 0, 0, 1;
    %store/vec4 v0x62d9fc76d970_0, 0, 1;
    %pushi/vec4 0, 0, 1;
    %store/vec4 v0x62d9fc76da30_0, 0, 1;
    %pushi/vec4 0, 0, 1;
    %store/vec4 v0x62d9fc76d880_0, 0, 1;
    %jmp T_1.7;
T_1.0 ;
    %pushi/vec4 0, 0, 1;
    %store/vec4 v0x62d9fc76d6a0_0, 0, 1;
    %pushi/vec4 0, 0, 1;
    %store/vec4 v0x62d9fc76dbb0_0, 0, 1;
    %pushi/vec4 1, 0, 1;
    %store/vec4 v0x62d9fc76d7e0_0, 0, 1;
    %pushi/vec4 0, 0, 1;
    %store/vec4 v0x62d9fc76d970_0, 0, 1;
    %pushi/vec4 0, 0, 1;
    %store/vec4 v0x62d9fc76da30_0, 0, 1;
    %pushi/vec4 0, 0, 1;
    %store/vec4 v0x62d9fc76d880_0, 0, 1;
    %jmp T_1.7;
T_1.1 ;
    %pushi/vec4 0, 0, 1;
    %store/vec4 v0x62d9fc76d6a0_0, 0, 1;
    %pushi/vec4 1, 0, 1;
    %store/vec4 v0x62d9fc76dbb0_0, 0, 1;
    %pushi/vec4 0, 0, 1;
    %store/vec4 v0x62d9fc76d7e0_0, 0, 1;
    %pushi/vec4 0, 0, 1;
    %store/vec4 v0x62d9fc76d970_0, 0, 1;
    %pushi/vec4 0, 0, 1;
    %store/vec4 v0x62d9fc76da30_0, 0, 1;
    %pushi/vec4 0, 0, 1;
    %store/vec4 v0x62d9fc76d880_0, 0, 1;
    %jmp T_1.7;
T_1.2 ;
    %pushi/vec4 0, 0, 1;
    %store/vec4 v0x62d9fc76d6a0_0, 0, 1;
    %pushi/vec4 0, 0, 1;
    %store/vec4 v0x62d9fc76dbb0_0, 0, 1;
    %pushi/vec4 0, 0, 1;
    %store/vec4 v0x62d9fc76d7e0_0, 0, 1;
    %pushi/vec4 0, 0, 1;
    %store/vec4 v0x62d9fc76d970_0, 0, 1;
    %pushi/vec4 0, 0, 1;
    %store/vec4 v0x62d9fc76da30_0, 0, 1;
    %pushi/vec4 1, 0, 1;
    %store/vec4 v0x62d9fc76d880_0, 0, 1;
    %jmp T_1.7;
T_1.3 ;
    %pushi/vec4 0, 0, 1;
    %store/vec4 v0x62d9fc76d6a0_0, 0, 1;
    %pushi/vec4 0, 0, 1;
    %store/vec4 v0x62d9fc76dbb0_0, 0, 1;
    %pushi/vec4 0, 0, 1;
    %store/vec4 v0x62d9fc76d7e0_0, 0, 1;
    %pushi/vec4 1, 0, 1;
    %store/vec4 v0x62d9fc76d970_0, 0, 1;
    %pushi/vec4 1, 0, 1;
    %store/vec4 v0x62d9fc76da30_0, 0, 1;
    %pushi/vec4 0, 0, 1;
    %store/vec4 v0x62d9fc76d880_0, 0, 1;
    %jmp T_1.7;
T_1.4 ;
    %pushi/vec4 0, 0, 1;
    %store/vec4 v0x62d9fc76d6a0_0, 0, 1;
    %pushi/vec4 0, 0, 1;
    %store/vec4 v0x62d9fc76dbb0_0, 0, 1;
    %pushi/vec4 0, 0, 1;
    %store/vec4 v0x62d9fc76d7e0_0, 0, 1;
    %pushi/vec4 0, 0, 1;
    %store/vec4 v0x62d9fc76d970_0, 0, 1;
    %pushi/vec4 0, 0, 1;
    %store/vec4 v0x62d9fc76da30_0, 0, 1;
    %pushi/vec4 0, 0, 1;
    %store/vec4 v0x62d9fc76d880_0, 0, 1;
    %jmp T_1.7;
T_1.5 ;
    %pushi/vec4 1, 0, 1;
    %store/vec4 v0x62d9fc76d6a0_0, 0, 1;
    %pushi/vec4 0, 0, 1;
    %store/vec4 v0x62d9fc76dbb0_0, 0, 1;
    %pushi/vec4 0, 0, 1;
    %store/vec4 v0x62d9fc76d7e0_0, 0, 1;
    %pushi/vec4 0, 0, 1;
    %store/vec4 v0x62d9fc76d970_0, 0, 1;
    %pushi/vec4 0, 0, 1;
    %store/vec4 v0x62d9fc76da30_0, 0, 1;
    %pushi/vec4 0, 0, 1;
    %store/vec4 v0x62d9fc76d880_0, 0, 1;
    %jmp T_1.7;
T_1.7 ;
    %pop/vec4 1;
    %jmp T_1;
    .thread T_1, $push;
    .scope S_0x62d9fc76e730;
T_2 ;
    %wait E_0x62d9fc7331e0;
    %load/vec4 v0x62d9fc76ebf0_0;
    %flag_set/vec4 8;
    %jmp/0xz  T_2.0, 8;
    %pushi/vec4 0, 0, 32;
    %load/vec4 v0x62d9fc76ee20_0;
    %concat/vec4; draw_concat_vec4
    %assign/vec4 v0x62d9fc76ea30_0, 0;
    %jmp T_2.1;
T_2.0 ;
    %load/vec4 v0x62d9fc76efc0_0;
    %flag_set/vec4 8;
    %jmp/0xz  T_2.2, 8;
    %load/vec4 v0x62d9fc76ea30_0;
    %ix/load 4, 2, 0;
    %flag_set/imm 4, 0;
    %shiftl 4;
    %assign/vec4 v0x62d9fc76ea30_0, 0;
    %jmp T_2.3;
T_2.2 ;
    %load/vec4 v0x62d9fc76ed30_0;
    %flag_set/vec4 8;
    %jmp/0xz  T_2.4, 8;
    %load/vec4 v0x62d9fc76ec90_0;
    %load/vec4 v0x62d9fc76ea30_0;
    %parti/s 32, 0, 2;
    %concat/vec4; draw_concat_vec4
    %assign/vec4 v0x62d9fc76ea30_0, 0;
    %jmp T_2.5;
T_2.4 ;
    %load/vec4 v0x62d9fc76ea30_0;
    %assign/vec4 v0x62d9fc76ea30_0, 0;
T_2.5 ;
T_2.3 ;
T_2.1 ;
    %jmp T_2;
    .thread T_2;
    .scope S_0x62d9fc76f290;
T_3 ;
    %wait E_0x62d9fc7331e0;
    %load/vec4 v0x62d9fc76f680_0;
    %flag_set/vec4 8;
    %jmp/0xz  T_3.0, 8;
    %pushi/vec4 0, 0, 16;
    %assign/vec4 v0x62d9fc76f470_0, 0;
    %jmp T_3.1;
T_3.0 ;
    %load/vec4 v0x62d9fc76f880_0;
    %flag_set/vec4 8;
    %jmp/0xz  T_3.2, 8;
    %load/vec4 v0x62d9fc76f470_0;
    %ix/load 4, 1, 0;
    %flag_set/imm 4, 0;
    %shiftl 4;
    %assign/vec4 v0x62d9fc76f470_0, 0;
    %jmp T_3.3;
T_3.2 ;
    %load/vec4 v0x62d9fc76f7b0_0;
    %flag_set/vec4 8;
    %jmp/0xz  T_3.4, 8;
    %pushi/vec4 1, 0, 1;
    %ix/load 4, 0, 0;
    %ix/load 5, 0, 0;
    %flag_set/imm 4, 0;
    %assign/vec4/off/d v0x62d9fc76f470_0, 4, 5;
    %jmp T_3.5;
T_3.4 ;
    %load/vec4 v0x62d9fc76f470_0;
    %assign/vec4 v0x62d9fc76f470_0, 0;
T_3.5 ;
T_3.3 ;
T_3.1 ;
    %jmp T_3;
    .thread T_3;
    .scope S_0x62d9fc76e050;
T_4 ;
    %wait E_0x62d9fc7331e0;
    %load/vec4 v0x62d9fc76e550_0;
    %flag_set/vec4 8;
    %jmp/0xz  T_4.0, 8;
    %pushi/vec4 0, 0, 32;
    %assign/vec4 v0x62d9fc76e300_0, 0;
    %jmp T_4.1;
T_4.0 ;
    %load/vec4 v0x62d9fc76e3e0_0;
    %flag_set/vec4 8;
    %jmp/0xz  T_4.2, 8;
    %pushi/vec4 0, 0, 16;
    %load/vec4 v0x62d9fc76e4b0_0;
    %concat/vec4; draw_concat_vec4
    %assign/vec4 v0x62d9fc76e300_0, 0;
    %jmp T_4.3;
T_4.2 ;
    %load/vec4 v0x62d9fc76e300_0;
    %assign/vec4 v0x62d9fc76e300_0, 0;
T_4.3 ;
T_4.1 ;
    %jmp T_4;
    .thread T_4;
    .scope S_0x62d9fc72b3f0;
T_5 ;
    %wait E_0x62d9fc7331e0;
    %load/vec4 v0x62d9fc74beb0_0;
    %flag_set/vec4 8;
    %jmp/0xz  T_5.0, 8;
    %load/vec4 v0x62d9fc725610_0;
    %assign/vec4 v0x62d9fc74c710_0, 0;
    %jmp T_5.1;
T_5.0 ;
    %load/vec4 v0x62d9fc76cdc0_0;
    %flag_set/vec4 8;
    %jmp/0xz  T_5.2, 8;
    %load/vec4 v0x62d9fc74c710_0;
    %subi 1, 0, 6;
    %assign/vec4 v0x62d9fc74c710_0, 0;
    %jmp T_5.3;
T_5.2 ;
    %load/vec4 v0x62d9fc74c710_0;
    %assign/vec4 v0x62d9fc74c710_0, 0;
T_5.3 ;
T_5.1 ;
    %jmp T_5;
    .thread T_5;
    .scope S_0x62d9fc73f9e0;
T_6 ;
    %delay 5000, 0;
    %load/vec4 v0x62d9fc771700_0;
    %inv;
    %store/vec4 v0x62d9fc771700_0, 0, 1;
    %jmp T_6;
    .thread T_6;
    .scope S_0x62d9fc73f9e0;
T_7 ;
    %vpi_call 2 24 "$dumpfile", "raiz_TB.vcd" {0 0 0};
    %vpi_call 2 25 "$dumpvars", 32'sb00000000000000000000000000000000, S_0x62d9fc73f9e0 {0 0 0};
    %pushi/vec4 0, 0, 1;
    %store/vec4 v0x62d9fc771700_0, 0, 1;
    %pushi/vec4 1, 0, 1;
    %store/vec4 v0x62d9fc771a70_0, 0, 1;
    %pushi/vec4 0, 0, 1;
    %store/vec4 v0x62d9fc771890_0, 0, 1;
    %pushi/vec4 0, 0, 32;
    %store/vec4 v0x62d9fc7715f0_0, 0, 32;
    %delay 20000, 0;
    %pushi/vec4 0, 0, 1;
    %store/vec4 v0x62d9fc771a70_0, 0, 1;
    %delay 10000, 0;
    %pushi/vec4 20, 0, 32;
    %store/vec4 v0x62d9fc7715f0_0, 0, 32;
    %pushi/vec4 1, 0, 1;
    %store/vec4 v0x62d9fc771890_0, 0, 1;
    %delay 10000, 0;
    %pushi/vec4 0, 0, 1;
    %store/vec4 v0x62d9fc771890_0, 0, 1;
    %wait E_0x62d9fc734730;
    %delay 10000, 0;
    %vpi_call 2 43 "$display", "PRUEBA 1 -> raiz(%d) = %d, Residuo: %d", v0x62d9fc7715f0_0, v0x62d9fc771510_0, v0x62d9fc7719d0_0 {0 0 0};
    %delay 40000, 0;
    %delay 40000, 0;
    %pushi/vec4 1000000, 0, 32;
    %store/vec4 v0x62d9fc7715f0_0, 0, 32;
    %delay 10000, 0;
    %pushi/vec4 1, 0, 1;
    %store/vec4 v0x62d9fc771890_0, 0, 1;
    %delay 10000, 0;
    %pushi/vec4 0, 0, 1;
    %store/vec4 v0x62d9fc771890_0, 0, 1;
    %wait E_0x62d9fc734730;
    %delay 10000, 0;
    %vpi_call 2 56 "$display", "PRUEBA 2 -> raiz(%d) = %d, Residuo: %d", v0x62d9fc7715f0_0, v0x62d9fc771510_0, v0x62d9fc7719d0_0 {0 0 0};
    %delay 40000, 0;
    %vpi_call 2 59 "$finish" {0 0 0};
    %end;
    .thread T_7;
# The file index is used to find the file name in the following table.
:file_names 10;
    "N/A";
    "<interactive>";
    "raiz_TB.v";
    "raiz.v";
    "count.v";
    "control.v";
    "reg_comp.v";
    "resi_subA.v";
    "reg_R.v";
    "sum_C2.v";
