#! /usr/bin/vvp
:ivl_version "12.0 (stable)";
:ivl_delay_selection "TYPICAL";
:vpi_time_precision - 12;
:vpi_module "/usr/lib/x86_64-linux-gnu/ivl/system.vpi";
:vpi_module "/usr/lib/x86_64-linux-gnu/ivl/vhdl_sys.vpi";
:vpi_module "/usr/lib/x86_64-linux-gnu/ivl/vhdl_textio.vpi";
:vpi_module "/usr/lib/x86_64-linux-gnu/ivl/v2005_math.vpi";
:vpi_module "/usr/lib/x86_64-linux-gnu/ivl/va_math.vpi";
S_0x5f601297b4f0 .scope module, "bin2bcd_TB" "bin2bcd_TB" 2 4;
 .timescale -9 -12;
P_0x5f601297b680 .param/real "DUTY_CYCLE" 0 2 29, Cr<m4000000000000000gfc1>; value=0.500000
P_0x5f601297b6c0 .param/l "OFFSET" 0 2 30, +C4<00000000000000000000000000000000>;
P_0x5f601297b700 .param/l "PERIOD" 0 2 28, +C4<00000000000000000000000000010100>;
v0x5f6012a060f0_0 .var "A", 6 0;
v0x5f6012a06220_0 .net "D", 3 0, L_0x5f6012a06730;  1 drivers
v0x5f6012a062e0_0 .net "U", 3 0, L_0x5f6012a067d0;  1 drivers
v0x5f6012a06410_0 .var "clk", 0 0;
v0x5f6012a064b0_0 .net "done", 0 0, v0x5f6012a02f80_0;  1 drivers
v0x5f6012a06550_0 .var "init", 0 0;
v0x5f6012a06640_0 .var "rst_hardware", 0 0;
E_0x5f60129bbbf0 .event anyedge, v0x5f6012a02f80_0;
S_0x5f60129bf170 .scope begin, "TEST_CASE" "TEST_CASE" 2 82, 2 82 0, S_0x5f601297b4f0;
 .timescale -9 -12;
S_0x5f60129bf300 .scope module, "uut" "bin2bcd" 2 18, 3 1 0, S_0x5f601297b4f0;
 .timescale -9 -12;
    .port_info 0 /INPUT 1 "clk";
    .port_info 1 /INPUT 1 "rst_hardware";
    .port_info 2 /INPUT 1 "init";
    .port_info 3 /INPUT 7 "A";
    .port_info 4 /OUTPUT 4 "U";
    .port_info 5 /OUTPUT 4 "D";
    .port_info 6 /OUTPUT 1 "done";
v0x5f6012a04ff0_0 .net "A", 6 0, v0x5f6012a060f0_0;  1 drivers
v0x5f6012a050d0_0 .net "D", 3 0, L_0x5f6012a06730;  alias, 1 drivers
v0x5f6012a05170_0 .net "U", 3 0, L_0x5f6012a067d0;  alias, 1 drivers
v0x5f6012a05210_0 .net "clk", 0 0, v0x5f6012a06410_0;  1 drivers
v0x5f6012a05300_0 .net "done", 0 0, v0x5f6012a02f80_0;  alias, 1 drivers
v0x5f6012a053f0_0 .net "init", 0 0, v0x5f6012a06550_0;  1 drivers
v0x5f6012a05490_0 .net "rst_hardware", 0 0, v0x5f6012a06640_0;  1 drivers
v0x5f6012a05530_0 .net "w_comp_D", 0 0, v0x5f6012a02e20_0;  1 drivers
v0x5f6012a05620_0 .net "w_comp_U", 0 0, v0x5f6012a02ee0_0;  1 drivers
v0x5f6012a05750_0 .net "w_ld", 0 0, v0x5f6012a03110_0;  1 drivers
v0x5f6012a05840_0 .net "w_new_D", 0 0, v0x5f6012a031b0_0;  1 drivers
v0x5f6012a058e0_0 .net "w_new_D_val", 3 0, v0x5f6012a04d80_0;  1 drivers
v0x5f6012a059d0_0 .net "w_new_U", 0 0, v0x5f6012a03250_0;  1 drivers
v0x5f6012a05a70_0 .net "w_new_U_val", 3 0, v0x5f6012a04e70_0;  1 drivers
v0x5f6012a05b60_0 .net "w_num", 6 0, L_0x5f6012a068c0;  1 drivers
v0x5f6012a05c50_0 .net "w_sh", 0 0, v0x5f6012a033d0_0;  1 drivers
v0x5f6012a05d40_0 .net "w_x1", 0 0, v0x5f60129e44c0_0;  1 drivers
v0x5f6012a05e30_0 .net "w_x2", 0 0, v0x5f6012a01d60_0;  1 drivers
v0x5f6012a05f20_0 .net "w_z", 0 0, v0x5f6012a02220_0;  1 drivers
S_0x5f60129c2540 .scope module, "comparador_5" "comp" 3 85, 4 1 0, S_0x5f60129bf300;
 .timescale -9 -12;
    .port_info 0 /INPUT 4 "U";
    .port_info 1 /INPUT 4 "D";
    .port_info 2 /INPUT 1 "comp_U";
    .port_info 3 /INPUT 1 "comp_D";
    .port_info 4 /OUTPUT 1 "x1";
    .port_info 5 /OUTPUT 1 "x2";
v0x5f60129e3420_0 .net "D", 3 0, L_0x5f6012a06730;  alias, 1 drivers
v0x5f60129e38b0_0 .net "U", 3 0, L_0x5f6012a067d0;  alias, 1 drivers
v0x5f60129e3d00_0 .net "comp_D", 0 0, v0x5f6012a02e20_0;  alias, 1 drivers
v0x5f60129e40a0_0 .net "comp_U", 0 0, v0x5f6012a02ee0_0;  alias, 1 drivers
v0x5f60129e44c0_0 .var "x1", 0 0;
v0x5f6012a01d60_0 .var "x2", 0 0;
E_0x5f601299f310 .event anyedge, v0x5f60129e40a0_0, v0x5f60129e38b0_0, v0x5f60129e3d00_0, v0x5f60129e3420_0;
S_0x5f6012a01ee0 .scope module, "comparador_z" "comp2" 3 95, 5 1 0, S_0x5f60129bf300;
 .timescale -9 -12;
    .port_info 0 /INPUT 7 "num";
    .port_info 1 /OUTPUT 1 "z";
v0x5f6012a02120_0 .net "num", 6 0, L_0x5f6012a068c0;  alias, 1 drivers
v0x5f6012a02220_0 .var "z", 0 0;
E_0x5f60129e5030 .event anyedge, v0x5f6012a02120_0;
S_0x5f6012a02340 .scope module, "control_unit" "control" 3 43, 6 1 0, S_0x5f60129bf300;
 .timescale -9 -12;
    .port_info 0 /INPUT 1 "clk";
    .port_info 1 /INPUT 1 "rst_hardware";
    .port_info 2 /INPUT 1 "init";
    .port_info 3 /INPUT 1 "x1";
    .port_info 4 /INPUT 1 "x2";
    .port_info 5 /INPUT 1 "z";
    .port_info 6 /OUTPUT 1 "ld";
    .port_info 7 /OUTPUT 1 "sh";
    .port_info 8 /OUTPUT 1 "new_U";
    .port_info 9 /OUTPUT 1 "new_D";
    .port_info 10 /OUTPUT 1 "comp_U";
    .port_info 11 /OUTPUT 1 "comp_D";
    .port_info 12 /OUTPUT 1 "done";
P_0x5f6012a02520 .param/l "ADD_D" 1 6 25, C4<0101>;
P_0x5f6012a02560 .param/l "ADD_U" 1 6 23, C4<0011>;
P_0x5f6012a025a0 .param/l "CHECK_D" 1 6 24, C4<0100>;
P_0x5f6012a025e0 .param/l "CHECK_U" 1 6 22, C4<0010>;
P_0x5f6012a02620 .param/l "CHECK_Z" 1 6 27, C4<0111>;
P_0x5f6012a02660 .param/l "DONE" 1 6 28, C4<1000>;
P_0x5f6012a026a0 .param/l "LOAD" 1 6 21, C4<0001>;
P_0x5f6012a026e0 .param/l "SHIFT_A" 1 6 26, C4<0110>;
P_0x5f6012a02720 .param/l "START" 1 6 20, C4<0000>;
v0x5f6012a02d40_0 .net "clk", 0 0, v0x5f6012a06410_0;  alias, 1 drivers
v0x5f6012a02e20_0 .var "comp_D", 0 0;
v0x5f6012a02ee0_0 .var "comp_U", 0 0;
v0x5f6012a02f80_0 .var "done", 0 0;
v0x5f6012a03020_0 .net "init", 0 0, v0x5f6012a06550_0;  alias, 1 drivers
v0x5f6012a03110_0 .var "ld", 0 0;
v0x5f6012a031b0_0 .var "new_D", 0 0;
v0x5f6012a03250_0 .var "new_U", 0 0;
v0x5f6012a03310_0 .net "rst_hardware", 0 0, v0x5f6012a06640_0;  alias, 1 drivers
v0x5f6012a033d0_0 .var "sh", 0 0;
v0x5f6012a03490_0 .var "state", 3 0;
v0x5f6012a03570_0 .net "x1", 0 0, v0x5f60129e44c0_0;  alias, 1 drivers
v0x5f6012a03610_0 .net "x2", 0 0, v0x5f6012a01d60_0;  alias, 1 drivers
v0x5f6012a036b0_0 .net "z", 0 0, v0x5f6012a02220_0;  alias, 1 drivers
E_0x5f6012a02c80 .event anyedge, v0x5f6012a03490_0;
E_0x5f6012a02ce0 .event posedge, v0x5f6012a02d40_0;
S_0x5f6012a03890 .scope module, "datapath_reg" "reg_numBCD" 3 60, 7 1 0, S_0x5f60129bf300;
 .timescale -9 -12;
    .port_info 0 /INPUT 1 "clk";
    .port_info 1 /INPUT 1 "ld";
    .port_info 2 /INPUT 1 "sh";
    .port_info 3 /INPUT 1 "new_U";
    .port_info 4 /INPUT 1 "new_D";
    .port_info 5 /INPUT 7 "A";
    .port_info 6 /INPUT 4 "new_U_val";
    .port_info 7 /INPUT 4 "new_D_val";
    .port_info 8 /OUTPUT 4 "D";
    .port_info 9 /OUTPUT 4 "U";
    .port_info 10 /OUTPUT 7 "num";
v0x5f6012a03aa0_0 .net "A", 6 0, v0x5f6012a060f0_0;  alias, 1 drivers
v0x5f6012a03ba0_0 .net "D", 3 0, L_0x5f6012a06730;  alias, 1 drivers
v0x5f6012a03c90_0 .net "U", 3 0, L_0x5f6012a067d0;  alias, 1 drivers
v0x5f6012a03d90_0 .net "clk", 0 0, v0x5f6012a06410_0;  alias, 1 drivers
v0x5f6012a03e60_0 .net "ld", 0 0, v0x5f6012a03110_0;  alias, 1 drivers
v0x5f6012a03f50_0 .net "new_D", 0 0, v0x5f6012a031b0_0;  alias, 1 drivers
v0x5f6012a04020_0 .net "new_D_val", 3 0, v0x5f6012a04d80_0;  alias, 1 drivers
v0x5f6012a040c0_0 .net "new_U", 0 0, v0x5f6012a03250_0;  alias, 1 drivers
v0x5f6012a04190_0 .net "new_U_val", 3 0, v0x5f6012a04e70_0;  alias, 1 drivers
v0x5f6012a04230_0 .net "num", 6 0, L_0x5f6012a068c0;  alias, 1 drivers
v0x5f6012a04300_0 .var "num_bcd", 14 0;
v0x5f6012a043a0_0 .net "sh", 0 0, v0x5f6012a033d0_0;  alias, 1 drivers
E_0x5f6012a03a20 .event negedge, v0x5f6012a02d40_0;
L_0x5f6012a06730 .part v0x5f6012a04300_0, 11, 4;
L_0x5f6012a067d0 .part v0x5f6012a04300_0, 7, 4;
L_0x5f6012a068c0 .part v0x5f6012a04300_0, 0, 7;
S_0x5f6012a04610 .scope module, "sumador" "sum" 3 75, 8 1 0, S_0x5f60129bf300;
 .timescale -9 -12;
    .port_info 0 /INPUT 4 "U";
    .port_info 1 /INPUT 4 "D";
    .port_info 2 /INPUT 1 "R_U";
    .port_info 3 /INPUT 1 "R_D";
    .port_info 4 /OUTPUT 4 "out_new_U";
    .port_info 5 /OUTPUT 4 "out_new_D";
v0x5f6012a04960_0 .net "D", 3 0, L_0x5f6012a06730;  alias, 1 drivers
v0x5f6012a04a90_0 .net "R_D", 0 0, v0x5f6012a031b0_0;  alias, 1 drivers
v0x5f6012a04ba0_0 .net "R_U", 0 0, v0x5f6012a03250_0;  alias, 1 drivers
v0x5f6012a04c90_0 .net "U", 3 0, L_0x5f6012a067d0;  alias, 1 drivers
v0x5f6012a04d80_0 .var "out_new_D", 3 0;
v0x5f6012a04e70_0 .var "out_new_U", 3 0;
E_0x5f6012a048d0 .event anyedge, v0x5f6012a03250_0, v0x5f60129e38b0_0, v0x5f6012a031b0_0, v0x5f60129e3420_0;
    .scope S_0x5f6012a02340;
T_0 ;
    %wait E_0x5f6012a02ce0;
    %load/vec4 v0x5f6012a03310_0;
    %flag_set/vec4 8;
    %jmp/0xz  T_0.0, 8;
    %pushi/vec4 0, 0, 4;
    %assign/vec4 v0x5f6012a03490_0, 0;
    %jmp T_0.1;
T_0.0 ;
    %load/vec4 v0x5f6012a03490_0;
    %dup/vec4;
    %pushi/vec4 0, 0, 4;
    %cmp/u;
    %jmp/1 T_0.2, 6;
    %dup/vec4;
    %pushi/vec4 1, 0, 4;
    %cmp/u;
    %jmp/1 T_0.3, 6;
    %dup/vec4;
    %pushi/vec4 6, 0, 4;
    %cmp/u;
    %jmp/1 T_0.4, 6;
    %dup/vec4;
    %pushi/vec4 7, 0, 4;
    %cmp/u;
    %jmp/1 T_0.5, 6;
    %dup/vec4;
    %pushi/vec4 2, 0, 4;
    %cmp/u;
    %jmp/1 T_0.6, 6;
    %dup/vec4;
    %pushi/vec4 3, 0, 4;
    %cmp/u;
    %jmp/1 T_0.7, 6;
    %dup/vec4;
    %pushi/vec4 4, 0, 4;
    %cmp/u;
    %jmp/1 T_0.8, 6;
    %dup/vec4;
    %pushi/vec4 5, 0, 4;
    %cmp/u;
    %jmp/1 T_0.9, 6;
    %dup/vec4;
    %pushi/vec4 8, 0, 4;
    %cmp/u;
    %jmp/1 T_0.10, 6;
    %pushi/vec4 0, 0, 4;
    %assign/vec4 v0x5f6012a03490_0, 0;
    %jmp T_0.12;
T_0.2 ;
    %load/vec4 v0x5f6012a03020_0;
    %flag_set/vec4 8;
    %jmp/0xz  T_0.13, 8;
    %pushi/vec4 1, 0, 4;
    %assign/vec4 v0x5f6012a03490_0, 0;
    %jmp T_0.14;
T_0.13 ;
    %pushi/vec4 0, 0, 4;
    %assign/vec4 v0x5f6012a03490_0, 0;
T_0.14 ;
    %jmp T_0.12;
T_0.3 ;
    %pushi/vec4 6, 0, 4;
    %assign/vec4 v0x5f6012a03490_0, 0;
    %jmp T_0.12;
T_0.4 ;
    %pushi/vec4 7, 0, 4;
    %assign/vec4 v0x5f6012a03490_0, 0;
    %jmp T_0.12;
T_0.5 ;
    %load/vec4 v0x5f6012a036b0_0;
    %flag_set/vec4 8;
    %jmp/0xz  T_0.15, 8;
    %pushi/vec4 8, 0, 4;
    %assign/vec4 v0x5f6012a03490_0, 0;
    %jmp T_0.16;
T_0.15 ;
    %pushi/vec4 2, 0, 4;
    %assign/vec4 v0x5f6012a03490_0, 0;
T_0.16 ;
    %jmp T_0.12;
T_0.6 ;
    %load/vec4 v0x5f6012a03570_0;
    %flag_set/vec4 8;
    %jmp/0xz  T_0.17, 8;
    %pushi/vec4 3, 0, 4;
    %assign/vec4 v0x5f6012a03490_0, 0;
    %jmp T_0.18;
T_0.17 ;
    %pushi/vec4 4, 0, 4;
    %assign/vec4 v0x5f6012a03490_0, 0;
T_0.18 ;
    %jmp T_0.12;
T_0.7 ;
    %pushi/vec4 4, 0, 4;
    %assign/vec4 v0x5f6012a03490_0, 0;
    %jmp T_0.12;
T_0.8 ;
    %load/vec4 v0x5f6012a03610_0;
    %flag_set/vec4 8;
    %jmp/0xz  T_0.19, 8;
    %pushi/vec4 5, 0, 4;
    %assign/vec4 v0x5f6012a03490_0, 0;
    %jmp T_0.20;
T_0.19 ;
    %pushi/vec4 6, 0, 4;
    %assign/vec4 v0x5f6012a03490_0, 0;
T_0.20 ;
    %jmp T_0.12;
T_0.9 ;
    %pushi/vec4 6, 0, 4;
    %assign/vec4 v0x5f6012a03490_0, 0;
    %jmp T_0.12;
T_0.10 ;
    %pushi/vec4 0, 0, 4;
    %assign/vec4 v0x5f6012a03490_0, 0;
    %jmp T_0.12;
T_0.12 ;
    %pop/vec4 1;
T_0.1 ;
    %jmp T_0;
    .thread T_0;
    .scope S_0x5f6012a02340;
T_1 ;
    %wait E_0x5f6012a02c80;
    %load/vec4 v0x5f6012a03490_0;
    %dup/vec4;
    %pushi/vec4 0, 0, 4;
    %cmp/u;
    %jmp/1 T_1.0, 6;
    %dup/vec4;
    %pushi/vec4 1, 0, 4;
    %cmp/u;
    %jmp/1 T_1.1, 6;
    %dup/vec4;
    %pushi/vec4 6, 0, 4;
    %cmp/u;
    %jmp/1 T_1.2, 6;
    %dup/vec4;
    %pushi/vec4 7, 0, 4;
    %cmp/u;
    %jmp/1 T_1.3, 6;
    %dup/vec4;
    %pushi/vec4 2, 0, 4;
    %cmp/u;
    %jmp/1 T_1.4, 6;
    %dup/vec4;
    %pushi/vec4 3, 0, 4;
    %cmp/u;
    %jmp/1 T_1.5, 6;
    %dup/vec4;
    %pushi/vec4 4, 0, 4;
    %cmp/u;
    %jmp/1 T_1.6, 6;
    %dup/vec4;
    %pushi/vec4 5, 0, 4;
    %cmp/u;
    %jmp/1 T_1.7, 6;
    %dup/vec4;
    %pushi/vec4 8, 0, 4;
    %cmp/u;
    %jmp/1 T_1.8, 6;
    %pushi/vec4 0, 0, 1;
    %store/vec4 v0x5f6012a03110_0, 0, 1;
    %pushi/vec4 0, 0, 1;
    %store/vec4 v0x5f6012a033d0_0, 0, 1;
    %pushi/vec4 0, 0, 1;
    %store/vec4 v0x5f6012a03250_0, 0, 1;
    %pushi/vec4 0, 0, 1;
    %store/vec4 v0x5f6012a031b0_0, 0, 1;
    %pushi/vec4 0, 0, 1;
    %store/vec4 v0x5f6012a02ee0_0, 0, 1;
    %pushi/vec4 0, 0, 1;
    %store/vec4 v0x5f6012a02e20_0, 0, 1;
    %pushi/vec4 0, 0, 1;
    %store/vec4 v0x5f6012a02f80_0, 0, 1;
    %jmp T_1.10;
T_1.0 ;
    %pushi/vec4 0, 0, 1;
    %store/vec4 v0x5f6012a03110_0, 0, 1;
    %pushi/vec4 0, 0, 1;
    %store/vec4 v0x5f6012a033d0_0, 0, 1;
    %pushi/vec4 0, 0, 1;
    %store/vec4 v0x5f6012a03250_0, 0, 1;
    %pushi/vec4 0, 0, 1;
    %store/vec4 v0x5f6012a031b0_0, 0, 1;
    %pushi/vec4 0, 0, 1;
    %store/vec4 v0x5f6012a02ee0_0, 0, 1;
    %pushi/vec4 0, 0, 1;
    %store/vec4 v0x5f6012a02e20_0, 0, 1;
    %pushi/vec4 0, 0, 1;
    %store/vec4 v0x5f6012a02f80_0, 0, 1;
    %jmp T_1.10;
T_1.1 ;
    %pushi/vec4 1, 0, 1;
    %store/vec4 v0x5f6012a03110_0, 0, 1;
    %pushi/vec4 0, 0, 1;
    %store/vec4 v0x5f6012a033d0_0, 0, 1;
    %pushi/vec4 0, 0, 1;
    %store/vec4 v0x5f6012a03250_0, 0, 1;
    %pushi/vec4 0, 0, 1;
    %store/vec4 v0x5f6012a031b0_0, 0, 1;
    %pushi/vec4 0, 0, 1;
    %store/vec4 v0x5f6012a02ee0_0, 0, 1;
    %pushi/vec4 0, 0, 1;
    %store/vec4 v0x5f6012a02e20_0, 0, 1;
    %pushi/vec4 0, 0, 1;
    %store/vec4 v0x5f6012a02f80_0, 0, 1;
    %jmp T_1.10;
T_1.2 ;
    %pushi/vec4 0, 0, 1;
    %store/vec4 v0x5f6012a03110_0, 0, 1;
    %pushi/vec4 1, 0, 1;
    %store/vec4 v0x5f6012a033d0_0, 0, 1;
    %pushi/vec4 0, 0, 1;
    %store/vec4 v0x5f6012a03250_0, 0, 1;
    %pushi/vec4 0, 0, 1;
    %store/vec4 v0x5f6012a031b0_0, 0, 1;
    %pushi/vec4 0, 0, 1;
    %store/vec4 v0x5f6012a02ee0_0, 0, 1;
    %pushi/vec4 0, 0, 1;
    %store/vec4 v0x5f6012a02e20_0, 0, 1;
    %pushi/vec4 0, 0, 1;
    %store/vec4 v0x5f6012a02f80_0, 0, 1;
    %jmp T_1.10;
T_1.3 ;
    %pushi/vec4 0, 0, 1;
    %store/vec4 v0x5f6012a03110_0, 0, 1;
    %pushi/vec4 0, 0, 1;
    %store/vec4 v0x5f6012a033d0_0, 0, 1;
    %pushi/vec4 0, 0, 1;
    %store/vec4 v0x5f6012a03250_0, 0, 1;
    %pushi/vec4 0, 0, 1;
    %store/vec4 v0x5f6012a031b0_0, 0, 1;
    %pushi/vec4 0, 0, 1;
    %store/vec4 v0x5f6012a02ee0_0, 0, 1;
    %pushi/vec4 0, 0, 1;
    %store/vec4 v0x5f6012a02e20_0, 0, 1;
    %pushi/vec4 0, 0, 1;
    %store/vec4 v0x5f6012a02f80_0, 0, 1;
    %jmp T_1.10;
T_1.4 ;
    %pushi/vec4 0, 0, 1;
    %store/vec4 v0x5f6012a03110_0, 0, 1;
    %pushi/vec4 0, 0, 1;
    %store/vec4 v0x5f6012a033d0_0, 0, 1;
    %pushi/vec4 0, 0, 1;
    %store/vec4 v0x5f6012a03250_0, 0, 1;
    %pushi/vec4 0, 0, 1;
    %store/vec4 v0x5f6012a031b0_0, 0, 1;
    %pushi/vec4 1, 0, 1;
    %store/vec4 v0x5f6012a02ee0_0, 0, 1;
    %pushi/vec4 0, 0, 1;
    %store/vec4 v0x5f6012a02e20_0, 0, 1;
    %pushi/vec4 0, 0, 1;
    %store/vec4 v0x5f6012a02f80_0, 0, 1;
    %jmp T_1.10;
T_1.5 ;
    %pushi/vec4 0, 0, 1;
    %store/vec4 v0x5f6012a03110_0, 0, 1;
    %pushi/vec4 0, 0, 1;
    %store/vec4 v0x5f6012a033d0_0, 0, 1;
    %pushi/vec4 1, 0, 1;
    %store/vec4 v0x5f6012a03250_0, 0, 1;
    %pushi/vec4 0, 0, 1;
    %store/vec4 v0x5f6012a031b0_0, 0, 1;
    %pushi/vec4 0, 0, 1;
    %store/vec4 v0x5f6012a02ee0_0, 0, 1;
    %pushi/vec4 0, 0, 1;
    %store/vec4 v0x5f6012a02e20_0, 0, 1;
    %pushi/vec4 0, 0, 1;
    %store/vec4 v0x5f6012a02f80_0, 0, 1;
    %jmp T_1.10;
T_1.6 ;
    %pushi/vec4 0, 0, 1;
    %store/vec4 v0x5f6012a03110_0, 0, 1;
    %pushi/vec4 0, 0, 1;
    %store/vec4 v0x5f6012a033d0_0, 0, 1;
    %pushi/vec4 0, 0, 1;
    %store/vec4 v0x5f6012a03250_0, 0, 1;
    %pushi/vec4 0, 0, 1;
    %store/vec4 v0x5f6012a031b0_0, 0, 1;
    %pushi/vec4 0, 0, 1;
    %store/vec4 v0x5f6012a02ee0_0, 0, 1;
    %pushi/vec4 1, 0, 1;
    %store/vec4 v0x5f6012a02e20_0, 0, 1;
    %pushi/vec4 0, 0, 1;
    %store/vec4 v0x5f6012a02f80_0, 0, 1;
    %jmp T_1.10;
T_1.7 ;
    %pushi/vec4 0, 0, 1;
    %store/vec4 v0x5f6012a03110_0, 0, 1;
    %pushi/vec4 0, 0, 1;
    %store/vec4 v0x5f6012a033d0_0, 0, 1;
    %pushi/vec4 0, 0, 1;
    %store/vec4 v0x5f6012a03250_0, 0, 1;
    %pushi/vec4 1, 0, 1;
    %store/vec4 v0x5f6012a031b0_0, 0, 1;
    %pushi/vec4 0, 0, 1;
    %store/vec4 v0x5f6012a02ee0_0, 0, 1;
    %pushi/vec4 0, 0, 1;
    %store/vec4 v0x5f6012a02e20_0, 0, 1;
    %pushi/vec4 0, 0, 1;
    %store/vec4 v0x5f6012a02f80_0, 0, 1;
    %jmp T_1.10;
T_1.8 ;
    %pushi/vec4 0, 0, 1;
    %store/vec4 v0x5f6012a03110_0, 0, 1;
    %pushi/vec4 0, 0, 1;
    %store/vec4 v0x5f6012a033d0_0, 0, 1;
    %pushi/vec4 0, 0, 1;
    %store/vec4 v0x5f6012a03250_0, 0, 1;
    %pushi/vec4 0, 0, 1;
    %store/vec4 v0x5f6012a031b0_0, 0, 1;
    %pushi/vec4 0, 0, 1;
    %store/vec4 v0x5f6012a02ee0_0, 0, 1;
    %pushi/vec4 0, 0, 1;
    %store/vec4 v0x5f6012a02e20_0, 0, 1;
    %pushi/vec4 1, 0, 1;
    %store/vec4 v0x5f6012a02f80_0, 0, 1;
    %jmp T_1.10;
T_1.10 ;
    %pop/vec4 1;
    %jmp T_1;
    .thread T_1, $push;
    .scope S_0x5f6012a03890;
T_2 ;
    %wait E_0x5f6012a03a20;
    %load/vec4 v0x5f6012a03e60_0;
    %flag_set/vec4 8;
    %jmp/0xz  T_2.0, 8;
    %pushi/vec4 0, 0, 8;
    %load/vec4 v0x5f6012a03aa0_0;
    %concat/vec4; draw_concat_vec4
    %assign/vec4 v0x5f6012a04300_0, 0;
    %jmp T_2.1;
T_2.0 ;
    %load/vec4 v0x5f6012a043a0_0;
    %flag_set/vec4 8;
    %jmp/0xz  T_2.2, 8;
    %load/vec4 v0x5f6012a04300_0;
    %parti/s 14, 0, 2;
    %concati/vec4 0, 0, 1;
    %assign/vec4 v0x5f6012a04300_0, 0;
    %jmp T_2.3;
T_2.2 ;
    %load/vec4 v0x5f6012a040c0_0;
    %flag_set/vec4 8;
    %jmp/0xz  T_2.4, 8;
    %load/vec4 v0x5f6012a04190_0;
    %ix/load 4, 7, 0;
    %ix/load 5, 0, 0;
    %flag_set/imm 4, 0;
    %assign/vec4/off/d v0x5f6012a04300_0, 4, 5;
T_2.4 ;
    %load/vec4 v0x5f6012a03f50_0;
    %flag_set/vec4 8;
    %jmp/0xz  T_2.6, 8;
    %load/vec4 v0x5f6012a04020_0;
    %ix/load 4, 11, 0;
    %ix/load 5, 0, 0;
    %flag_set/imm 4, 0;
    %assign/vec4/off/d v0x5f6012a04300_0, 4, 5;
T_2.6 ;
T_2.3 ;
T_2.1 ;
    %jmp T_2;
    .thread T_2;
    .scope S_0x5f6012a04610;
T_3 ;
    %wait E_0x5f6012a048d0;
    %load/vec4 v0x5f6012a04ba0_0;
    %flag_set/vec4 8;
    %jmp/0xz  T_3.0, 8;
    %load/vec4 v0x5f6012a04c90_0;
    %addi 3, 0, 4;
    %store/vec4 v0x5f6012a04e70_0, 0, 4;
    %jmp T_3.1;
T_3.0 ;
    %load/vec4 v0x5f6012a04c90_0;
    %store/vec4 v0x5f6012a04e70_0, 0, 4;
T_3.1 ;
    %load/vec4 v0x5f6012a04a90_0;
    %flag_set/vec4 8;
    %jmp/0xz  T_3.2, 8;
    %load/vec4 v0x5f6012a04960_0;
    %addi 3, 0, 4;
    %store/vec4 v0x5f6012a04d80_0, 0, 4;
    %jmp T_3.3;
T_3.2 ;
    %load/vec4 v0x5f6012a04960_0;
    %store/vec4 v0x5f6012a04d80_0, 0, 4;
T_3.3 ;
    %jmp T_3;
    .thread T_3, $push;
    .scope S_0x5f60129c2540;
T_4 ;
    %wait E_0x5f601299f310;
    %load/vec4 v0x5f60129e40a0_0;
    %flag_set/vec4 8;
    %jmp/0xz  T_4.0, 8;
    %load/vec4 v0x5f60129e38b0_0;
    %cmpi/u 5, 0, 4;
    %flag_inv 5; GE is !LT
    %flag_mov 8, 5;
    %jmp/0 T_4.2, 8;
    %pushi/vec4 1, 0, 1;
    %jmp/1 T_4.3, 8;
T_4.2 ; End of true expr.
    %pushi/vec4 0, 0, 1;
    %jmp/0 T_4.3, 8;
 ; End of false expr.
    %blend;
T_4.3;
    %store/vec4 v0x5f60129e44c0_0, 0, 1;
    %jmp T_4.1;
T_4.0 ;
    %pushi/vec4 0, 0, 1;
    %store/vec4 v0x5f60129e44c0_0, 0, 1;
T_4.1 ;
    %load/vec4 v0x5f60129e3d00_0;
    %flag_set/vec4 8;
    %jmp/0xz  T_4.4, 8;
    %load/vec4 v0x5f60129e3420_0;
    %cmpi/u 5, 0, 4;
    %flag_inv 5; GE is !LT
    %flag_mov 8, 5;
    %jmp/0 T_4.6, 8;
    %pushi/vec4 1, 0, 1;
    %jmp/1 T_4.7, 8;
T_4.6 ; End of true expr.
    %pushi/vec4 0, 0, 1;
    %jmp/0 T_4.7, 8;
 ; End of false expr.
    %blend;
T_4.7;
    %store/vec4 v0x5f6012a01d60_0, 0, 1;
    %jmp T_4.5;
T_4.4 ;
    %pushi/vec4 0, 0, 1;
    %store/vec4 v0x5f6012a01d60_0, 0, 1;
T_4.5 ;
    %jmp T_4;
    .thread T_4, $push;
    .scope S_0x5f6012a01ee0;
T_5 ;
    %wait E_0x5f60129e5030;
    %load/vec4 v0x5f6012a02120_0;
    %cmpi/e 0, 0, 7;
    %jmp/0xz  T_5.0, 4;
    %pushi/vec4 1, 0, 1;
    %store/vec4 v0x5f6012a02220_0, 0, 1;
    %jmp T_5.1;
T_5.0 ;
    %pushi/vec4 0, 0, 1;
    %store/vec4 v0x5f6012a02220_0, 0, 1;
T_5.1 ;
    %jmp T_5;
    .thread T_5, $push;
    .scope S_0x5f601297b4f0;
T_6 ;
    %delay 0, 0;
T_6.0 ;
    %pushi/vec4 0, 0, 1;
    %store/vec4 v0x5f6012a06410_0, 0, 1;
    %delay 10000, 0;
    %pushi/vec4 1, 0, 1;
    %store/vec4 v0x5f6012a06410_0, 0, 1;
    %delay 10000, 0;
    %jmp T_6.0;
    %end;
    .thread T_6;
    .scope S_0x5f601297b4f0;
T_7 ;
    %delay 0, 0;
    %pushi/vec4 1, 0, 1;
    %store/vec4 v0x5f6012a06640_0, 0, 1;
    %pushi/vec4 0, 0, 1;
    %store/vec4 v0x5f6012a06550_0, 0, 1;
    %pushi/vec4 0, 0, 7;
    %store/vec4 v0x5f6012a060f0_0, 0, 7;
    %wait E_0x5f6012a03a20;
    %pushi/vec4 0, 0, 1;
    %store/vec4 v0x5f6012a06640_0, 0, 1;
    %wait E_0x5f6012a03a20;
    %pushi/vec4 67, 0, 7;
    %store/vec4 v0x5f6012a060f0_0, 0, 7;
    %pushi/vec4 1, 0, 1;
    %store/vec4 v0x5f6012a06550_0, 0, 1;
    %wait E_0x5f6012a03a20;
    %pushi/vec4 0, 0, 1;
    %store/vec4 v0x5f6012a06550_0, 0, 1;
T_7.0 ;
    %load/vec4 v0x5f6012a064b0_0;
    %pushi/vec4 1, 0, 1;
    %cmp/e;
    %flag_get/vec4 4;
    %cmpi/ne 1, 0, 1;
    %jmp/0xz T_7.1, 6;
    %wait E_0x5f60129bbbf0;
    %jmp T_7.0;
T_7.1 ;
    %delay 50000, 0;
    %wait E_0x5f6012a03a20;
    %pushi/vec4 45, 0, 7;
    %store/vec4 v0x5f6012a060f0_0, 0, 7;
    %pushi/vec4 1, 0, 1;
    %store/vec4 v0x5f6012a06550_0, 0, 1;
    %wait E_0x5f6012a03a20;
    %pushi/vec4 0, 0, 1;
    %store/vec4 v0x5f6012a06550_0, 0, 1;
T_7.2 ;
    %load/vec4 v0x5f6012a064b0_0;
    %pushi/vec4 1, 0, 1;
    %cmp/e;
    %flag_get/vec4 4;
    %cmpi/ne 1, 0, 1;
    %jmp/0xz T_7.3, 6;
    %wait E_0x5f60129bbbf0;
    %jmp T_7.2;
T_7.3 ;
    %delay 120000, 0;
    %end;
    .thread T_7;
    .scope S_0x5f601297b4f0;
T_8 ;
    %fork t_1, S_0x5f60129bf170;
    %jmp t_0;
    .scope S_0x5f60129bf170;
t_1 ;
    %vpi_call 2 83 "$dumpfile", "bin2bcd_TB.vcd" {0 0 0};
    %vpi_call 2 84 "$dumpvars", 32'sb11111111111111111111111111111111, S_0x5f60129bf300 {0 0 0};
    %delay 2000000, 0;
    %vpi_call 2 85 "$finish" {0 0 0};
    %end;
    .scope S_0x5f601297b4f0;
t_0 %join;
    %end;
    .thread T_8;
# The file index is used to find the file name in the following table.
:file_names 9;
    "N/A";
    "<interactive>";
    "bin2bcd_TB.v";
    "bin2bcd.v";
    "comp.v";
    "comp2.v";
    "control.v";
    "reg_numBCD.v";
    "sum.v";
