#! /usr/bin/vvp
:ivl_version "12.0 (stable)";
:ivl_delay_selection "TYPICAL";
:vpi_time_precision - 12;
:vpi_module "/usr/lib/x86_64-linux-gnu/ivl/system.vpi";
:vpi_module "/usr/lib/x86_64-linux-gnu/ivl/vhdl_sys.vpi";
:vpi_module "/usr/lib/x86_64-linux-gnu/ivl/vhdl_textio.vpi";
:vpi_module "/usr/lib/x86_64-linux-gnu/ivl/v2005_math.vpi";
:vpi_module "/usr/lib/x86_64-linux-gnu/ivl/va_math.vpi";
S_0x5f0395c27490 .scope module, "bcd2bin_TB" "bcd2bin_TB" 2 3;
 .timescale -9 -12;
v0x5f0395cb9610_0 .var "A", 3 0;
v0x5f0395cb96f0_0 .var "B", 3 0;
v0x5f0395cb97b0_0 .var "clk", 0 0;
v0x5f0395cb9850_0 .net "done", 0 0, v0x5f0395cb5210_0;  1 drivers
v0x5f0395cb98f0_0 .var "init", 0 0;
v0x5f0395cb9a30_0 .net "num_bin", 6 0, L_0x5f0395cba000;  1 drivers
v0x5f0395cb9b20_0 .var "rst_hardware", 0 0;
E_0x5f0395c66fe0 .event posedge, v0x5f0395cb5210_0;
S_0x5f0395c27620 .scope module, "uut" "bcd2bin" 2 12, 3 1 0, S_0x5f0395c27490;
 .timescale -9 -12;
    .port_info 0 /INPUT 1 "clk";
    .port_info 1 /INPUT 1 "rst_hardware";
    .port_info 2 /INPUT 1 "init";
    .port_info 3 /INPUT 4 "A";
    .port_info 4 /INPUT 4 "B";
    .port_info 5 /OUTPUT 7 "num_bin";
    .port_info 6 /OUTPUT 1 "done";
v0x5f0395cb8360_0 .net "A", 3 0, v0x5f0395cb9610_0;  1 drivers
v0x5f0395cb8420_0 .net "B", 3 0, v0x5f0395cb96f0_0;  1 drivers
L_0x71105e6ce018 .functor BUFT 1, C4<000000>, C4<0>, C4<0>, C4<0>;
v0x5f0395cb8530_0 .net/2u *"_ivl_0", 5 0, L_0x71105e6ce018;  1 drivers
v0x5f0395cb85f0_0 .net "clk", 0 0, v0x5f0395cb97b0_0;  1 drivers
v0x5f0395cb8690_0 .net "done", 0 0, v0x5f0395cb5210_0;  alias, 1 drivers
v0x5f0395cb8780_0 .net "init", 0 0, v0x5f0395cb98f0_0;  1 drivers
v0x5f0395cb8820_0 .net "num_bin", 6 0, L_0x5f0395cba000;  alias, 1 drivers
v0x5f0395cb88c0_0 .net "rst_hardware", 0 0, v0x5f0395cb9b20_0;  1 drivers
v0x5f0395cb8960_0 .net "w_D", 3 0, L_0x5f0395cb9da0;  1 drivers
v0x5f0395cb8a90_0 .net "w_U", 3 0, L_0x5f0395cb9ed0;  1 drivers
v0x5f0395cb8b30_0 .net "w_comp_D", 0 0, v0x5f0395cb50d0_0;  1 drivers
v0x5f0395cb8bd0_0 .net "w_comp_U", 0 0, v0x5f0395cb5170_0;  1 drivers
v0x5f0395cb8cc0_0 .net "w_error", 0 0, L_0x5f0395cba830;  1 drivers
v0x5f0395cb8db0_0 .net "w_ld", 0 0, v0x5f0395cb5440_0;  1 drivers
v0x5f0395cb8e50_0 .net "w_new_D", 0 0, v0x5f0395cb54e0_0;  1 drivers
v0x5f0395cb8ef0_0 .net "w_new_D_val", 3 0, v0x5f0395cb72e0_0;  1 drivers
v0x5f0395cb8fe0_0 .net "w_new_U", 0 0, v0x5f0395cb5580_0;  1 drivers
v0x5f0395cb9080_0 .net "w_new_U_val", 3 0, v0x5f0395cb73f0_0;  1 drivers
v0x5f0395cb9190_0 .net "w_out_count", 5 0, v0x5f0395cb4430_0;  1 drivers
v0x5f0395cb9250_0 .net "w_sh", 0 0, v0x5f0395cb56e0_0;  1 drivers
v0x5f0395cb92f0_0 .net "w_x1", 0 0, v0x5f0395cb3d20_0;  1 drivers
v0x5f0395cb93e0_0 .net "w_x2", 0 0, v0x5f0395cb3e30_0;  1 drivers
v0x5f0395cb94d0_0 .net "w_z", 0 0, L_0x5f0395cb9c10;  1 drivers
L_0x5f0395cb9c10 .cmp/eq 6, v0x5f0395cb4430_0, L_0x71105e6ce018;
S_0x5f0395c832d0 .scope module, "comparador" "comp" 3 66, 4 1 0, S_0x5f0395c27620;
 .timescale -9 -12;
    .port_info 0 /INPUT 4 "U";
    .port_info 1 /INPUT 4 "D";
    .port_info 2 /INPUT 1 "comp_U";
    .port_info 3 /INPUT 1 "comp_D";
    .port_info 4 /OUTPUT 1 "x1";
    .port_info 5 /OUTPUT 1 "x2";
v0x5f0395c8f9b0_0 .net "D", 3 0, L_0x5f0395cb9da0;  alias, 1 drivers
v0x5f0395cb3ae0_0 .net "U", 3 0, L_0x5f0395cb9ed0;  alias, 1 drivers
v0x5f0395cb3bc0_0 .net "comp_D", 0 0, v0x5f0395cb50d0_0;  alias, 1 drivers
v0x5f0395cb3c60_0 .net "comp_U", 0 0, v0x5f0395cb5170_0;  alias, 1 drivers
v0x5f0395cb3d20_0 .var "x1", 0 0;
v0x5f0395cb3e30_0 .var "x2", 0 0;
E_0x5f0395c4b3f0 .event anyedge, v0x5f0395cb3c60_0, v0x5f0395cb3ae0_0, v0x5f0395cb3bc0_0, v0x5f0395c8f9b0_0;
S_0x5f0395cb3fb0 .scope module, "contador" "i" 3 90, 5 1 0, S_0x5f0395c27620;
 .timescale -9 -12;
    .port_info 0 /INPUT 1 "clk";
    .port_info 1 /INPUT 1 "ld";
    .port_info 2 /INPUT 1 "resta";
    .port_info 3 /INPUT 6 "n";
    .port_info 4 /OUTPUT 6 "out_i";
v0x5f0395cb41d0_0 .net "clk", 0 0, v0x5f0395cb97b0_0;  alias, 1 drivers
v0x5f0395cb42b0_0 .net "ld", 0 0, v0x5f0395cb5440_0;  alias, 1 drivers
L_0x71105e6ce060 .functor BUFT 1, C4<000111>, C4<0>, C4<0>, C4<0>;
v0x5f0395cb4370_0 .net "n", 5 0, L_0x71105e6ce060;  1 drivers
v0x5f0395cb4430_0 .var "out_i", 5 0;
v0x5f0395cb4510_0 .net "resta", 0 0, v0x5f0395cb56e0_0;  alias, 1 drivers
E_0x5f0395c661d0 .event negedge, v0x5f0395cb41d0_0;
S_0x5f0395cb46c0 .scope module, "control_unit" "control" 3 34, 6 1 0, S_0x5f0395c27620;
 .timescale -9 -12;
    .port_info 0 /INPUT 1 "clk";
    .port_info 1 /INPUT 1 "rst_hardware";
    .port_info 2 /INPUT 1 "init";
    .port_info 3 /INPUT 1 "error";
    .port_info 4 /INPUT 1 "x1";
    .port_info 5 /INPUT 1 "x2";
    .port_info 6 /INPUT 1 "z";
    .port_info 7 /OUTPUT 1 "ld";
    .port_info 8 /OUTPUT 1 "sh";
    .port_info 9 /OUTPUT 1 "comp_U";
    .port_info 10 /OUTPUT 1 "comp_D";
    .port_info 11 /OUTPUT 1 "new_U";
    .port_info 12 /OUTPUT 1 "new_D";
    .port_info 13 /OUTPUT 1 "done";
P_0x5f0395cb48a0 .param/l "CHECK_1" 1 6 21, C4<0010>;
P_0x5f0395cb48e0 .param/l "CHECK_D" 1 6 24, C4<0101>;
P_0x5f0395cb4920 .param/l "CHECK_U" 1 6 22, C4<0011>;
P_0x5f0395cb4960 .param/l "DONE" 1 6 26, C4<0111>;
P_0x5f0395cb49a0 .param/l "SH" 1 6 20, C4<0001>;
P_0x5f0395cb49e0 .param/l "START" 1 6 19, C4<0000>;
P_0x5f0395cb4a20 .param/l "SUM_D" 1 6 25, C4<0110>;
P_0x5f0395cb4a60 .param/l "SUM_U" 1 6 23, C4<0100>;
v0x5f0395cb5010_0 .net "clk", 0 0, v0x5f0395cb97b0_0;  alias, 1 drivers
v0x5f0395cb50d0_0 .var "comp_D", 0 0;
v0x5f0395cb5170_0 .var "comp_U", 0 0;
v0x5f0395cb5210_0 .var "done", 0 0;
v0x5f0395cb52b0_0 .net "error", 0 0, L_0x5f0395cba830;  alias, 1 drivers
v0x5f0395cb53a0_0 .net "init", 0 0, v0x5f0395cb98f0_0;  alias, 1 drivers
v0x5f0395cb5440_0 .var "ld", 0 0;
v0x5f0395cb54e0_0 .var "new_D", 0 0;
v0x5f0395cb5580_0 .var "new_U", 0 0;
v0x5f0395cb5620_0 .net "rst_hardware", 0 0, v0x5f0395cb9b20_0;  alias, 1 drivers
v0x5f0395cb56e0_0 .var "sh", 0 0;
v0x5f0395cb5780_0 .var "state", 3 0;
v0x5f0395cb5840_0 .net "x1", 0 0, v0x5f0395cb3d20_0;  alias, 1 drivers
v0x5f0395cb5910_0 .net "x2", 0 0, v0x5f0395cb3e30_0;  alias, 1 drivers
v0x5f0395cb59e0_0 .net "z", 0 0, L_0x5f0395cb9c10;  alias, 1 drivers
E_0x5f0395c97a40 .event anyedge, v0x5f0395cb5780_0;
E_0x5f0395cb4fb0 .event posedge, v0x5f0395cb41d0_0;
S_0x5f0395cb5c20 .scope module, "reg_datos" "reg_DUnum" 3 51, 7 1 0, S_0x5f0395c27620;
 .timescale -9 -12;
    .port_info 0 /INPUT 1 "clk";
    .port_info 1 /INPUT 1 "ld";
    .port_info 2 /INPUT 1 "sh";
    .port_info 3 /INPUT 1 "new_U";
    .port_info 4 /INPUT 1 "new_D";
    .port_info 5 /INPUT 4 "A";
    .port_info 6 /INPUT 4 "B";
    .port_info 7 /INPUT 4 "new_U_val";
    .port_info 8 /INPUT 4 "new_D_val";
    .port_info 9 /OUTPUT 4 "D";
    .port_info 10 /OUTPUT 4 "U";
    .port_info 11 /OUTPUT 7 "num";
v0x5f0395cb5ee0_0 .net "A", 3 0, v0x5f0395cb9610_0;  alias, 1 drivers
v0x5f0395cb5fe0_0 .net "B", 3 0, v0x5f0395cb96f0_0;  alias, 1 drivers
v0x5f0395cb60c0_0 .net "D", 3 0, L_0x5f0395cb9da0;  alias, 1 drivers
v0x5f0395cb61c0_0 .net "U", 3 0, L_0x5f0395cb9ed0;  alias, 1 drivers
v0x5f0395cb6290_0 .net "clk", 0 0, v0x5f0395cb97b0_0;  alias, 1 drivers
v0x5f0395cb63d0_0 .net "ld", 0 0, v0x5f0395cb5440_0;  alias, 1 drivers
v0x5f0395cb64c0_0 .net "new_D", 0 0, v0x5f0395cb54e0_0;  alias, 1 drivers
v0x5f0395cb6560_0 .net "new_D_val", 3 0, v0x5f0395cb72e0_0;  alias, 1 drivers
v0x5f0395cb6600_0 .net "new_U", 0 0, v0x5f0395cb5580_0;  alias, 1 drivers
v0x5f0395cb66a0_0 .net "new_U_val", 3 0, v0x5f0395cb73f0_0;  alias, 1 drivers
v0x5f0395cb6760_0 .net "num", 6 0, L_0x5f0395cba000;  alias, 1 drivers
v0x5f0395cb6840_0 .var "num_bcd", 14 0;
v0x5f0395cb6920_0 .net "sh", 0 0, v0x5f0395cb56e0_0;  alias, 1 drivers
L_0x5f0395cb9da0 .part v0x5f0395cb6840_0, 11, 4;
L_0x5f0395cb9ed0 .part v0x5f0395cb6840_0, 7, 4;
L_0x5f0395cba000 .part v0x5f0395cb6840_0, 0, 7;
S_0x5f0395cb6b40 .scope module, "restador" "sumadorC2" 3 75, 8 1 0, S_0x5f0395c27620;
 .timescale -9 -12;
    .port_info 0 /INPUT 4 "out_D";
    .port_info 1 /INPUT 4 "out_U";
    .port_info 2 /INPUT 1 "new_D";
    .port_info 3 /INPUT 1 "new_U";
    .port_info 4 /OUTPUT 4 "out_new_D";
    .port_info 5 /OUTPUT 4 "out_new_U";
v0x5f0395cb6ee0_0 .net "new_D", 0 0, v0x5f0395cb54e0_0;  alias, 1 drivers
v0x5f0395cb6ff0_0 .net "new_U", 0 0, v0x5f0395cb5580_0;  alias, 1 drivers
v0x5f0395cb7100_0 .net "out_D", 3 0, L_0x5f0395cb9da0;  alias, 1 drivers
v0x5f0395cb71f0_0 .net "out_U", 3 0, L_0x5f0395cb9ed0;  alias, 1 drivers
v0x5f0395cb72e0_0 .var "out_new_D", 3 0;
v0x5f0395cb73f0_0 .var "out_new_U", 3 0;
E_0x5f0395cb6e50 .event anyedge, v0x5f0395cb5580_0, v0x5f0395cb3ae0_0, v0x5f0395cb54e0_0, v0x5f0395c8f9b0_0;
S_0x5f0395cb7570 .scope module, "validador" "val_error" 3 84, 9 1 0, S_0x5f0395c27620;
 .timescale -9 -12;
    .port_info 0 /INPUT 4 "A";
    .port_info 1 /INPUT 4 "B";
    .port_info 2 /OUTPUT 1 "Error";
L_0x5f0395c96930 .functor OR 1, L_0x5f0395cba1d0, L_0x5f0395cba270, C4<0>, C4<0>;
L_0x5f0395c7feb0 .functor AND 1, L_0x5f0395cba0a0, L_0x5f0395c96930, C4<1>, C4<1>;
L_0x5f0395cba660 .functor OR 1, L_0x5f0395cba4e0, L_0x5f0395cba580, C4<0>, C4<0>;
L_0x5f0395cba720 .functor AND 1, L_0x5f0395cba3b0, L_0x5f0395cba660, C4<1>, C4<1>;
L_0x5f0395cba830 .functor OR 1, L_0x5f0395c7feb0, L_0x5f0395cba720, C4<0>, C4<0>;
v0x5f0395cb77c0_0 .net "A", 3 0, v0x5f0395cb9610_0;  alias, 1 drivers
v0x5f0395cb78a0_0 .net "B", 3 0, v0x5f0395cb96f0_0;  alias, 1 drivers
v0x5f0395cb7940_0 .net "Error", 0 0, L_0x5f0395cba830;  alias, 1 drivers
v0x5f0395cb79e0_0 .net "Error1", 0 0, L_0x5f0395c7feb0;  1 drivers
v0x5f0395cb7a80_0 .net "Error2", 0 0, L_0x5f0395cba720;  1 drivers
v0x5f0395cb7b70_0 .net *"_ivl_1", 0 0, L_0x5f0395cba0a0;  1 drivers
v0x5f0395cb7c30_0 .net *"_ivl_11", 0 0, L_0x5f0395cba3b0;  1 drivers
v0x5f0395cb7d10_0 .net *"_ivl_13", 0 0, L_0x5f0395cba4e0;  1 drivers
v0x5f0395cb7df0_0 .net *"_ivl_15", 0 0, L_0x5f0395cba580;  1 drivers
v0x5f0395cb7f60_0 .net *"_ivl_16", 0 0, L_0x5f0395cba660;  1 drivers
v0x5f0395cb8040_0 .net *"_ivl_3", 0 0, L_0x5f0395cba1d0;  1 drivers
v0x5f0395cb8120_0 .net *"_ivl_5", 0 0, L_0x5f0395cba270;  1 drivers
v0x5f0395cb8200_0 .net *"_ivl_6", 0 0, L_0x5f0395c96930;  1 drivers
L_0x5f0395cba0a0 .part v0x5f0395cb9610_0, 3, 1;
L_0x5f0395cba1d0 .part v0x5f0395cb9610_0, 2, 1;
L_0x5f0395cba270 .part v0x5f0395cb9610_0, 1, 1;
L_0x5f0395cba3b0 .part v0x5f0395cb96f0_0, 3, 1;
L_0x5f0395cba4e0 .part v0x5f0395cb96f0_0, 2, 1;
L_0x5f0395cba580 .part v0x5f0395cb96f0_0, 1, 1;
    .scope S_0x5f0395cb46c0;
T_0 ;
    %wait E_0x5f0395cb4fb0;
    %load/vec4 v0x5f0395cb5620_0;
    %flag_set/vec4 8;
    %jmp/0xz  T_0.0, 8;
    %pushi/vec4 0, 0, 4;
    %assign/vec4 v0x5f0395cb5780_0, 0;
    %jmp T_0.1;
T_0.0 ;
    %load/vec4 v0x5f0395cb5780_0;
    %dup/vec4;
    %pushi/vec4 0, 0, 4;
    %cmp/u;
    %jmp/1 T_0.2, 6;
    %dup/vec4;
    %pushi/vec4 1, 0, 4;
    %cmp/u;
    %jmp/1 T_0.3, 6;
    %dup/vec4;
    %pushi/vec4 2, 0, 4;
    %cmp/u;
    %jmp/1 T_0.4, 6;
    %dup/vec4;
    %pushi/vec4 3, 0, 4;
    %cmp/u;
    %jmp/1 T_0.5, 6;
    %dup/vec4;
    %pushi/vec4 4, 0, 4;
    %cmp/u;
    %jmp/1 T_0.6, 6;
    %dup/vec4;
    %pushi/vec4 5, 0, 4;
    %cmp/u;
    %jmp/1 T_0.7, 6;
    %dup/vec4;
    %pushi/vec4 6, 0, 4;
    %cmp/u;
    %jmp/1 T_0.8, 6;
    %dup/vec4;
    %pushi/vec4 7, 0, 4;
    %cmp/u;
    %jmp/1 T_0.9, 6;
    %pushi/vec4 0, 0, 4;
    %assign/vec4 v0x5f0395cb5780_0, 0;
    %jmp T_0.11;
T_0.2 ;
    %load/vec4 v0x5f0395cb53a0_0;
    %flag_set/vec4 9;
    %flag_get/vec4 9;
    %jmp/0 T_0.14, 9;
    %load/vec4 v0x5f0395cb52b0_0;
    %nor/r;
    %and;
T_0.14;
    %flag_set/vec4 8;
    %jmp/0xz  T_0.12, 8;
    %pushi/vec4 1, 0, 4;
    %assign/vec4 v0x5f0395cb5780_0, 0;
    %jmp T_0.13;
T_0.12 ;
    %pushi/vec4 0, 0, 4;
    %assign/vec4 v0x5f0395cb5780_0, 0;
T_0.13 ;
    %jmp T_0.11;
T_0.3 ;
    %pushi/vec4 2, 0, 4;
    %assign/vec4 v0x5f0395cb5780_0, 0;
    %jmp T_0.11;
T_0.4 ;
    %load/vec4 v0x5f0395cb59e0_0;
    %flag_set/vec4 8;
    %jmp/0xz  T_0.15, 8;
    %pushi/vec4 7, 0, 4;
    %assign/vec4 v0x5f0395cb5780_0, 0;
    %jmp T_0.16;
T_0.15 ;
    %pushi/vec4 3, 0, 4;
    %assign/vec4 v0x5f0395cb5780_0, 0;
T_0.16 ;
    %jmp T_0.11;
T_0.5 ;
    %load/vec4 v0x5f0395cb5840_0;
    %flag_set/vec4 8;
    %jmp/0xz  T_0.17, 8;
    %pushi/vec4 4, 0, 4;
    %assign/vec4 v0x5f0395cb5780_0, 0;
    %jmp T_0.18;
T_0.17 ;
    %pushi/vec4 5, 0, 4;
    %assign/vec4 v0x5f0395cb5780_0, 0;
T_0.18 ;
    %jmp T_0.11;
T_0.6 ;
    %pushi/vec4 5, 0, 4;
    %assign/vec4 v0x5f0395cb5780_0, 0;
    %jmp T_0.11;
T_0.7 ;
    %load/vec4 v0x5f0395cb5910_0;
    %flag_set/vec4 8;
    %jmp/0xz  T_0.19, 8;
    %pushi/vec4 6, 0, 4;
    %assign/vec4 v0x5f0395cb5780_0, 0;
    %jmp T_0.20;
T_0.19 ;
    %pushi/vec4 1, 0, 4;
    %assign/vec4 v0x5f0395cb5780_0, 0;
T_0.20 ;
    %jmp T_0.11;
T_0.8 ;
    %pushi/vec4 1, 0, 4;
    %assign/vec4 v0x5f0395cb5780_0, 0;
    %jmp T_0.11;
T_0.9 ;
    %pushi/vec4 0, 0, 4;
    %assign/vec4 v0x5f0395cb5780_0, 0;
    %jmp T_0.11;
T_0.11 ;
    %pop/vec4 1;
T_0.1 ;
    %jmp T_0;
    .thread T_0;
    .scope S_0x5f0395cb46c0;
T_1 ;
    %wait E_0x5f0395c97a40;
    %load/vec4 v0x5f0395cb5780_0;
    %dup/vec4;
    %pushi/vec4 0, 0, 4;
    %cmp/u;
    %jmp/1 T_1.0, 6;
    %dup/vec4;
    %pushi/vec4 1, 0, 4;
    %cmp/u;
    %jmp/1 T_1.1, 6;
    %dup/vec4;
    %pushi/vec4 2, 0, 4;
    %cmp/u;
    %jmp/1 T_1.2, 6;
    %dup/vec4;
    %pushi/vec4 3, 0, 4;
    %cmp/u;
    %jmp/1 T_1.3, 6;
    %dup/vec4;
    %pushi/vec4 4, 0, 4;
    %cmp/u;
    %jmp/1 T_1.4, 6;
    %dup/vec4;
    %pushi/vec4 5, 0, 4;
    %cmp/u;
    %jmp/1 T_1.5, 6;
    %dup/vec4;
    %pushi/vec4 6, 0, 4;
    %cmp/u;
    %jmp/1 T_1.6, 6;
    %dup/vec4;
    %pushi/vec4 7, 0, 4;
    %cmp/u;
    %jmp/1 T_1.7, 6;
    %pushi/vec4 0, 0, 1;
    %store/vec4 v0x5f0395cb5440_0, 0, 1;
    %pushi/vec4 0, 0, 1;
    %store/vec4 v0x5f0395cb56e0_0, 0, 1;
    %pushi/vec4 0, 0, 1;
    %store/vec4 v0x5f0395cb5170_0, 0, 1;
    %pushi/vec4 0, 0, 1;
    %store/vec4 v0x5f0395cb50d0_0, 0, 1;
    %pushi/vec4 0, 0, 1;
    %store/vec4 v0x5f0395cb5580_0, 0, 1;
    %pushi/vec4 0, 0, 1;
    %store/vec4 v0x5f0395cb54e0_0, 0, 1;
    %pushi/vec4 0, 0, 1;
    %store/vec4 v0x5f0395cb5210_0, 0, 1;
    %jmp T_1.9;
T_1.0 ;
    %pushi/vec4 1, 0, 1;
    %store/vec4 v0x5f0395cb5440_0, 0, 1;
    %pushi/vec4 0, 0, 1;
    %store/vec4 v0x5f0395cb56e0_0, 0, 1;
    %pushi/vec4 0, 0, 1;
    %store/vec4 v0x5f0395cb5170_0, 0, 1;
    %pushi/vec4 0, 0, 1;
    %store/vec4 v0x5f0395cb50d0_0, 0, 1;
    %pushi/vec4 0, 0, 1;
    %store/vec4 v0x5f0395cb5580_0, 0, 1;
    %pushi/vec4 0, 0, 1;
    %store/vec4 v0x5f0395cb54e0_0, 0, 1;
    %pushi/vec4 0, 0, 1;
    %store/vec4 v0x5f0395cb5210_0, 0, 1;
    %jmp T_1.9;
T_1.1 ;
    %pushi/vec4 0, 0, 1;
    %store/vec4 v0x5f0395cb5440_0, 0, 1;
    %pushi/vec4 1, 0, 1;
    %store/vec4 v0x5f0395cb56e0_0, 0, 1;
    %pushi/vec4 0, 0, 1;
    %store/vec4 v0x5f0395cb5170_0, 0, 1;
    %pushi/vec4 0, 0, 1;
    %store/vec4 v0x5f0395cb50d0_0, 0, 1;
    %pushi/vec4 0, 0, 1;
    %store/vec4 v0x5f0395cb5580_0, 0, 1;
    %pushi/vec4 0, 0, 1;
    %store/vec4 v0x5f0395cb54e0_0, 0, 1;
    %pushi/vec4 0, 0, 1;
    %store/vec4 v0x5f0395cb5210_0, 0, 1;
    %jmp T_1.9;
T_1.2 ;
    %pushi/vec4 0, 0, 1;
    %store/vec4 v0x5f0395cb5440_0, 0, 1;
    %pushi/vec4 0, 0, 1;
    %store/vec4 v0x5f0395cb56e0_0, 0, 1;
    %pushi/vec4 0, 0, 1;
    %store/vec4 v0x5f0395cb5170_0, 0, 1;
    %pushi/vec4 0, 0, 1;
    %store/vec4 v0x5f0395cb50d0_0, 0, 1;
    %pushi/vec4 0, 0, 1;
    %store/vec4 v0x5f0395cb5580_0, 0, 1;
    %pushi/vec4 0, 0, 1;
    %store/vec4 v0x5f0395cb54e0_0, 0, 1;
    %pushi/vec4 0, 0, 1;
    %store/vec4 v0x5f0395cb5210_0, 0, 1;
    %jmp T_1.9;
T_1.3 ;
    %pushi/vec4 0, 0, 1;
    %store/vec4 v0x5f0395cb5440_0, 0, 1;
    %pushi/vec4 0, 0, 1;
    %store/vec4 v0x5f0395cb56e0_0, 0, 1;
    %pushi/vec4 1, 0, 1;
    %store/vec4 v0x5f0395cb5170_0, 0, 1;
    %pushi/vec4 0, 0, 1;
    %store/vec4 v0x5f0395cb50d0_0, 0, 1;
    %pushi/vec4 0, 0, 1;
    %store/vec4 v0x5f0395cb5580_0, 0, 1;
    %pushi/vec4 0, 0, 1;
    %store/vec4 v0x5f0395cb54e0_0, 0, 1;
    %pushi/vec4 0, 0, 1;
    %store/vec4 v0x5f0395cb5210_0, 0, 1;
    %jmp T_1.9;
T_1.4 ;
    %pushi/vec4 0, 0, 1;
    %store/vec4 v0x5f0395cb5440_0, 0, 1;
    %pushi/vec4 0, 0, 1;
    %store/vec4 v0x5f0395cb56e0_0, 0, 1;
    %pushi/vec4 0, 0, 1;
    %store/vec4 v0x5f0395cb5170_0, 0, 1;
    %pushi/vec4 0, 0, 1;
    %store/vec4 v0x5f0395cb50d0_0, 0, 1;
    %pushi/vec4 1, 0, 1;
    %store/vec4 v0x5f0395cb5580_0, 0, 1;
    %pushi/vec4 0, 0, 1;
    %store/vec4 v0x5f0395cb54e0_0, 0, 1;
    %pushi/vec4 0, 0, 1;
    %store/vec4 v0x5f0395cb5210_0, 0, 1;
    %jmp T_1.9;
T_1.5 ;
    %pushi/vec4 0, 0, 1;
    %store/vec4 v0x5f0395cb5440_0, 0, 1;
    %pushi/vec4 0, 0, 1;
    %store/vec4 v0x5f0395cb56e0_0, 0, 1;
    %pushi/vec4 0, 0, 1;
    %store/vec4 v0x5f0395cb5170_0, 0, 1;
    %pushi/vec4 1, 0, 1;
    %store/vec4 v0x5f0395cb50d0_0, 0, 1;
    %pushi/vec4 0, 0, 1;
    %store/vec4 v0x5f0395cb5580_0, 0, 1;
    %pushi/vec4 0, 0, 1;
    %store/vec4 v0x5f0395cb54e0_0, 0, 1;
    %pushi/vec4 0, 0, 1;
    %store/vec4 v0x5f0395cb5210_0, 0, 1;
    %jmp T_1.9;
T_1.6 ;
    %pushi/vec4 0, 0, 1;
    %store/vec4 v0x5f0395cb5440_0, 0, 1;
    %pushi/vec4 0, 0, 1;
    %store/vec4 v0x5f0395cb56e0_0, 0, 1;
    %pushi/vec4 0, 0, 1;
    %store/vec4 v0x5f0395cb5170_0, 0, 1;
    %pushi/vec4 0, 0, 1;
    %store/vec4 v0x5f0395cb50d0_0, 0, 1;
    %pushi/vec4 0, 0, 1;
    %store/vec4 v0x5f0395cb5580_0, 0, 1;
    %pushi/vec4 1, 0, 1;
    %store/vec4 v0x5f0395cb54e0_0, 0, 1;
    %pushi/vec4 0, 0, 1;
    %store/vec4 v0x5f0395cb5210_0, 0, 1;
    %jmp T_1.9;
T_1.7 ;
    %pushi/vec4 0, 0, 1;
    %store/vec4 v0x5f0395cb5440_0, 0, 1;
    %pushi/vec4 0, 0, 1;
    %store/vec4 v0x5f0395cb56e0_0, 0, 1;
    %pushi/vec4 0, 0, 1;
    %store/vec4 v0x5f0395cb5170_0, 0, 1;
    %pushi/vec4 0, 0, 1;
    %store/vec4 v0x5f0395cb50d0_0, 0, 1;
    %pushi/vec4 0, 0, 1;
    %store/vec4 v0x5f0395cb5580_0, 0, 1;
    %pushi/vec4 0, 0, 1;
    %store/vec4 v0x5f0395cb54e0_0, 0, 1;
    %pushi/vec4 1, 0, 1;
    %store/vec4 v0x5f0395cb5210_0, 0, 1;
    %jmp T_1.9;
T_1.9 ;
    %pop/vec4 1;
    %jmp T_1;
    .thread T_1, $push;
    .scope S_0x5f0395cb5c20;
T_2 ;
    %wait E_0x5f0395c661d0;
    %load/vec4 v0x5f0395cb63d0_0;
    %flag_set/vec4 8;
    %jmp/0xz  T_2.0, 8;
    %load/vec4 v0x5f0395cb5ee0_0;
    %load/vec4 v0x5f0395cb5fe0_0;
    %concat/vec4; draw_concat_vec4
    %concati/vec4 0, 0, 7;
    %assign/vec4 v0x5f0395cb6840_0, 0;
    %jmp T_2.1;
T_2.0 ;
    %load/vec4 v0x5f0395cb6920_0;
    %flag_set/vec4 8;
    %jmp/0xz  T_2.2, 8;
    %pushi/vec4 0, 0, 1;
    %load/vec4 v0x5f0395cb6840_0;
    %parti/s 14, 1, 2;
    %concat/vec4; draw_concat_vec4
    %assign/vec4 v0x5f0395cb6840_0, 0;
    %jmp T_2.3;
T_2.2 ;
    %load/vec4 v0x5f0395cb6600_0;
    %flag_set/vec4 8;
    %jmp/0xz  T_2.4, 8;
    %load/vec4 v0x5f0395cb66a0_0;
    %ix/load 4, 7, 0;
    %ix/load 5, 0, 0;
    %flag_set/imm 4, 0;
    %assign/vec4/off/d v0x5f0395cb6840_0, 4, 5;
T_2.4 ;
    %load/vec4 v0x5f0395cb64c0_0;
    %flag_set/vec4 8;
    %jmp/0xz  T_2.6, 8;
    %load/vec4 v0x5f0395cb6560_0;
    %ix/load 4, 11, 0;
    %ix/load 5, 0, 0;
    %flag_set/imm 4, 0;
    %assign/vec4/off/d v0x5f0395cb6840_0, 4, 5;
T_2.6 ;
T_2.3 ;
T_2.1 ;
    %jmp T_2;
    .thread T_2;
    .scope S_0x5f0395c832d0;
T_3 ;
    %wait E_0x5f0395c4b3f0;
    %load/vec4 v0x5f0395cb3c60_0;
    %flag_set/vec4 8;
    %jmp/0xz  T_3.0, 8;
    %load/vec4 v0x5f0395cb3ae0_0;
    %cmpi/u 8, 0, 4;
    %flag_inv 5; GE is !LT
    %flag_mov 8, 5;
    %jmp/0 T_3.2, 8;
    %pushi/vec4 1, 0, 1;
    %jmp/1 T_3.3, 8;
T_3.2 ; End of true expr.
    %pushi/vec4 0, 0, 1;
    %jmp/0 T_3.3, 8;
 ; End of false expr.
    %blend;
T_3.3;
    %store/vec4 v0x5f0395cb3d20_0, 0, 1;
    %jmp T_3.1;
T_3.0 ;
    %pushi/vec4 0, 0, 1;
    %store/vec4 v0x5f0395cb3d20_0, 0, 1;
T_3.1 ;
    %load/vec4 v0x5f0395cb3bc0_0;
    %flag_set/vec4 8;
    %jmp/0xz  T_3.4, 8;
    %load/vec4 v0x5f0395c8f9b0_0;
    %cmpi/u 8, 0, 4;
    %flag_inv 5; GE is !LT
    %flag_mov 8, 5;
    %jmp/0 T_3.6, 8;
    %pushi/vec4 1, 0, 1;
    %jmp/1 T_3.7, 8;
T_3.6 ; End of true expr.
    %pushi/vec4 0, 0, 1;
    %jmp/0 T_3.7, 8;
 ; End of false expr.
    %blend;
T_3.7;
    %store/vec4 v0x5f0395cb3e30_0, 0, 1;
    %jmp T_3.5;
T_3.4 ;
    %pushi/vec4 0, 0, 1;
    %store/vec4 v0x5f0395cb3e30_0, 0, 1;
T_3.5 ;
    %jmp T_3;
    .thread T_3, $push;
    .scope S_0x5f0395cb6b40;
T_4 ;
    %wait E_0x5f0395cb6e50;
    %load/vec4 v0x5f0395cb6ff0_0;
    %flag_set/vec4 8;
    %jmp/0xz  T_4.0, 8;
    %load/vec4 v0x5f0395cb71f0_0;
    %subi 3, 0, 4;
    %store/vec4 v0x5f0395cb73f0_0, 0, 4;
    %jmp T_4.1;
T_4.0 ;
    %load/vec4 v0x5f0395cb71f0_0;
    %store/vec4 v0x5f0395cb73f0_0, 0, 4;
T_4.1 ;
    %load/vec4 v0x5f0395cb6ee0_0;
    %flag_set/vec4 8;
    %jmp/0xz  T_4.2, 8;
    %load/vec4 v0x5f0395cb7100_0;
    %subi 3, 0, 4;
    %store/vec4 v0x5f0395cb72e0_0, 0, 4;
    %jmp T_4.3;
T_4.2 ;
    %load/vec4 v0x5f0395cb7100_0;
    %store/vec4 v0x5f0395cb72e0_0, 0, 4;
T_4.3 ;
    %jmp T_4;
    .thread T_4, $push;
    .scope S_0x5f0395cb3fb0;
T_5 ;
    %wait E_0x5f0395c661d0;
    %load/vec4 v0x5f0395cb42b0_0;
    %flag_set/vec4 8;
    %jmp/0xz  T_5.0, 8;
    %load/vec4 v0x5f0395cb4370_0;
    %assign/vec4 v0x5f0395cb4430_0, 0;
    %jmp T_5.1;
T_5.0 ;
    %load/vec4 v0x5f0395cb4510_0;
    %flag_set/vec4 8;
    %jmp/0xz  T_5.2, 8;
    %load/vec4 v0x5f0395cb4430_0;
    %subi 1, 0, 6;
    %assign/vec4 v0x5f0395cb4430_0, 0;
    %jmp T_5.3;
T_5.2 ;
    %load/vec4 v0x5f0395cb4430_0;
    %assign/vec4 v0x5f0395cb4430_0, 0;
T_5.3 ;
T_5.1 ;
    %jmp T_5;
    .thread T_5;
    .scope S_0x5f0395c27490;
T_6 ;
    %delay 5000, 0;
    %load/vec4 v0x5f0395cb97b0_0;
    %inv;
    %store/vec4 v0x5f0395cb97b0_0, 0, 1;
    %jmp T_6;
    .thread T_6;
    .scope S_0x5f0395c27490;
T_7 ;
    %vpi_call 2 25 "$dumpfile", "bcd2bin_TB.vcd" {0 0 0};
    %vpi_call 2 26 "$dumpvars", 32'sb00000000000000000000000000000000, S_0x5f0395c27490 {0 0 0};
    %pushi/vec4 0, 0, 1;
    %store/vec4 v0x5f0395cb97b0_0, 0, 1;
    %pushi/vec4 1, 0, 1;
    %store/vec4 v0x5f0395cb9b20_0, 0, 1;
    %pushi/vec4 0, 0, 1;
    %store/vec4 v0x5f0395cb98f0_0, 0, 1;
    %pushi/vec4 0, 0, 4;
    %store/vec4 v0x5f0395cb9610_0, 0, 4;
    %pushi/vec4 0, 0, 4;
    %store/vec4 v0x5f0395cb96f0_0, 0, 4;
    %delay 20000, 0;
    %pushi/vec4 0, 0, 1;
    %store/vec4 v0x5f0395cb9b20_0, 0, 1;
    %delay 10000, 0;
    %pushi/vec4 4, 0, 4;
    %store/vec4 v0x5f0395cb9610_0, 0, 4;
    %pushi/vec4 5, 0, 4;
    %store/vec4 v0x5f0395cb96f0_0, 0, 4;
    %pushi/vec4 1, 0, 1;
    %store/vec4 v0x5f0395cb98f0_0, 0, 1;
    %delay 11000, 0;
    %pushi/vec4 0, 0, 1;
    %store/vec4 v0x5f0395cb98f0_0, 0, 1;
    %wait E_0x5f0395c66fe0;
    %delay 11000, 0;
    %vpi_call 2 48 "$display", "PRUEBA 1 -> BCD %0d%0d = %d (bin: %b)", v0x5f0395cb9610_0, v0x5f0395cb96f0_0, v0x5f0395cb9a30_0, v0x5f0395cb9a30_0 {0 0 0};
    %delay 41000, 0;
    %pushi/vec4 9, 0, 4;
    %store/vec4 v0x5f0395cb9610_0, 0, 4;
    %pushi/vec4 9, 0, 4;
    %store/vec4 v0x5f0395cb96f0_0, 0, 4;
    %pushi/vec4 1, 0, 1;
    %store/vec4 v0x5f0395cb98f0_0, 0, 1;
    %delay 11000, 0;
    %pushi/vec4 0, 0, 1;
    %store/vec4 v0x5f0395cb98f0_0, 0, 1;
    %wait E_0x5f0395c66fe0;
    %delay 11000, 0;
    %vpi_call 2 60 "$display", "PRUEBA 2 -> BCD %0d%0d = %d (bin: %b)", v0x5f0395cb9610_0, v0x5f0395cb96f0_0, v0x5f0395cb9a30_0, v0x5f0395cb9a30_0 {0 0 0};
    %delay 41000, 0;
    %vpi_call 2 63 "$finish" {0 0 0};
    %end;
    .thread T_7;
# The file index is used to find the file name in the following table.
:file_names 10;
    "N/A";
    "<interactive>";
    "bcd2bin_TB.v";
    "bcd2bin.v";
    "comp.v";
    "i.v";
    "control.v";
    "reg_DUnum.v";
    "sumadorC2.v";
    "val_error.v";
