#! /usr/bin/vvp
:ivl_version "12.0 (stable)";
:ivl_delay_selection "TYPICAL";
:vpi_time_precision - 12;
:vpi_module "/usr/lib/x86_64-linux-gnu/ivl/system.vpi";
:vpi_module "/usr/lib/x86_64-linux-gnu/ivl/vhdl_sys.vpi";
:vpi_module "/usr/lib/x86_64-linux-gnu/ivl/vhdl_textio.vpi";
:vpi_module "/usr/lib/x86_64-linux-gnu/ivl/v2005_math.vpi";
:vpi_module "/usr/lib/x86_64-linux-gnu/ivl/va_math.vpi";
S_0x5bedfd3cc370 .scope module, "multiplicador_TB" "multiplicador_TB" 2 3;
 .timescale -9 -12;
v0x5bedfd3eb870_0 .net "R", 31 0, v0x5bedfd3a8f60_0;  1 drivers
v0x5bedfd3eb9a0_0 .var "clk", 0 0;
v0x5bedfd3eba60_0 .net "done", 0 0, v0x5bedfd3e9590_0;  1 drivers
v0x5bedfd3ebb50_0 .var "init", 0 0;
v0x5bedfd3ebc40_0 .var "multiplicador", 15 0;
v0x5bedfd3ebd80_0 .var "multiplicando", 15 0;
v0x5bedfd3ebe70_0 .var "rst_hardware", 0 0;
E_0x5bedfd3cabd0 .event posedge, v0x5bedfd3e9590_0;
S_0x5bedfd3cc500 .scope module, "uut" "multiplicador" 2 12, 3 1 0, S_0x5bedfd3cc370;
 .timescale -9 -12;
    .port_info 0 /INPUT 1 "clk";
    .port_info 1 /INPUT 1 "rst_hardware";
    .port_info 2 /INPUT 1 "init";
    .port_info 3 /INPUT 16 "multiplicando";
    .port_info 4 /INPUT 16 "multiplicador";
    .port_info 5 /OUTPUT 32 "R";
    .port_info 6 /OUTPUT 1 "done";
v0x5bedfd3eac20_0 .net "R", 31 0, v0x5bedfd3a8f60_0;  alias, 1 drivers
v0x5bedfd3ead00_0 .net "clk", 0 0, v0x5bedfd3eb9a0_0;  1 drivers
v0x5bedfd3eada0_0 .net "done", 0 0, v0x5bedfd3e9590_0;  alias, 1 drivers
v0x5bedfd3eae70_0 .net "init", 0 0, v0x5bedfd3ebb50_0;  1 drivers
v0x5bedfd3eaf40_0 .net "multiplicador", 15 0, v0x5bedfd3ebc40_0;  1 drivers
v0x5bedfd3eafe0_0 .net "multiplicando", 15 0, v0x5bedfd3ebd80_0;  1 drivers
v0x5bedfd3eb0b0_0 .net "rst_hardware", 0 0, v0x5bedfd3ebe70_0;  1 drivers
v0x5bedfd3eb180_0 .net "w_A", 31 0, v0x5bedfd3ea780_0;  1 drivers
v0x5bedfd3eb270_0 .net "w_B", 15 0, v0x5bedfd3e9f10_0;  1 drivers
v0x5bedfd3eb3a0_0 .net "w_add", 0 0, v0x5bedfd3e9430_0;  1 drivers
v0x5bedfd3eb490_0 .net "w_lsbb", 0 0, L_0x5bedfd3ebf60;  1 drivers
v0x5bedfd3eb580_0 .net "w_reset", 0 0, v0x5bedfd3e97f0_0;  1 drivers
v0x5bedfd3eb6b0_0 .net "w_sh", 0 0, v0x5bedfd3e9930_0;  1 drivers
v0x5bedfd3eb750_0 .net "w_x", 0 0, L_0x5bedfd3fc030;  1 drivers
S_0x5bedfd3ba1d0 .scope module, "acumulador" "acc" 3 52, 4 1 0, S_0x5bedfd3cc500;
 .timescale -9 -12;
    .port_info 0 /INPUT 1 "clk";
    .port_info 1 /INPUT 1 "reset";
    .port_info 2 /INPUT 1 "add";
    .port_info 3 /INPUT 32 "A";
    .port_info 4 /OUTPUT 32 "R";
v0x5bedfd3acaf0_0 .net "A", 31 0, v0x5bedfd3ea780_0;  alias, 1 drivers
v0x5bedfd3a8f60_0 .var "R", 31 0;
v0x5bedfd3a9dc0_0 .net "add", 0 0, v0x5bedfd3e9430_0;  alias, 1 drivers
v0x5bedfd3e8580_0 .net "clk", 0 0, v0x5bedfd3eb9a0_0;  alias, 1 drivers
v0x5bedfd3e8640_0 .net "reset", 0 0, v0x5bedfd3e97f0_0;  alias, 1 drivers
E_0x5bedfd3ca980 .event negedge, v0x5bedfd3e8580_0;
S_0x5bedfd3e87f0 .scope module, "comparador" "comp_mult" 3 60, 5 1 0, S_0x5bedfd3cc500;
 .timescale -9 -12;
    .port_info 0 /INPUT 16 "B";
    .port_info 1 /OUTPUT 1 "X";
v0x5bedfd3e89f0_0 .net "B", 15 0, v0x5bedfd3e9f10_0;  alias, 1 drivers
v0x5bedfd3e8af0_0 .net "X", 0 0, L_0x5bedfd3fc030;  alias, 1 drivers
L_0x790f45586018 .functor BUFT 1, C4<0000000000000000>, C4<0>, C4<0>, C4<0>;
v0x5bedfd3e8bb0_0 .net/2u *"_ivl_0", 15 0, L_0x790f45586018;  1 drivers
L_0x5bedfd3fc030 .cmp/eq 16, v0x5bedfd3e9f10_0, L_0x790f45586018;
S_0x5bedfd3e8cd0 .scope module, "control_unit" "control" 3 23, 6 1 0, S_0x5bedfd3cc500;
 .timescale -9 -12;
    .port_info 0 /INPUT 1 "clk";
    .port_info 1 /INPUT 1 "rst_hardware";
    .port_info 2 /INPUT 1 "init";
    .port_info 3 /INPUT 1 "lsbb";
    .port_info 4 /INPUT 1 "x";
    .port_info 5 /OUTPUT 1 "sh";
    .port_info 6 /OUTPUT 1 "reset";
    .port_info 7 /OUTPUT 1 "add";
    .port_info 8 /OUTPUT 1 "done";
P_0x5bedfd3e8eb0 .param/l "COMPARA" 1 6 18, C4<100>;
P_0x5bedfd3e8ef0 .param/l "CORRER" 1 6 17, C4<011>;
P_0x5bedfd3e8f30 .param/l "HECHO" 1 6 19, C4<101>;
P_0x5bedfd3e8f70 .param/l "REVISAR" 1 6 15, C4<001>;
P_0x5bedfd3e8fb0 .param/l "START" 1 6 14, C4<000>;
P_0x5bedfd3e8ff0 .param/l "SUMADOR" 1 6 16, C4<010>;
v0x5bedfd3e9430_0 .var "add", 0 0;
v0x5bedfd3e94f0_0 .net "clk", 0 0, v0x5bedfd3eb9a0_0;  alias, 1 drivers
v0x5bedfd3e9590_0 .var "done", 0 0;
v0x5bedfd3e9660_0 .net "init", 0 0, v0x5bedfd3ebb50_0;  alias, 1 drivers
v0x5bedfd3e9700_0 .net "lsbb", 0 0, L_0x5bedfd3ebf60;  alias, 1 drivers
v0x5bedfd3e97f0_0 .var "reset", 0 0;
v0x5bedfd3e9890_0 .net "rst_hardware", 0 0, v0x5bedfd3ebe70_0;  alias, 1 drivers
v0x5bedfd3e9930_0 .var "sh", 0 0;
v0x5bedfd3e99f0_0 .var "state", 2 0;
v0x5bedfd3e9ad0_0 .net "x", 0 0, L_0x5bedfd3fc030;  alias, 1 drivers
E_0x5bedfd3ad680 .event anyedge, v0x5bedfd3e99f0_0;
E_0x5bedfd3aded0 .event posedge, v0x5bedfd3e8580_0;
S_0x5bedfd3e9ca0 .scope module, "reg_multiplicador" "reg_B" 3 43, 7 1 0, S_0x5bedfd3cc500;
 .timescale -9 -12;
    .port_info 0 /INPUT 1 "clk";
    .port_info 1 /INPUT 1 "ld";
    .port_info 2 /INPUT 1 "sh";
    .port_info 3 /INPUT 16 "b";
    .port_info 4 /OUTPUT 16 "B_out";
    .port_info 5 /OUTPUT 1 "LSB_B";
v0x5bedfd3e9f10_0 .var "B_out", 15 0;
v0x5bedfd3ea020_0 .net "LSB_B", 0 0, L_0x5bedfd3ebf60;  alias, 1 drivers
v0x5bedfd3ea0f0_0 .net "b", 15 0, v0x5bedfd3ebc40_0;  alias, 1 drivers
v0x5bedfd3ea1c0_0 .net "clk", 0 0, v0x5bedfd3eb9a0_0;  alias, 1 drivers
v0x5bedfd3ea2b0_0 .net "ld", 0 0, v0x5bedfd3e97f0_0;  alias, 1 drivers
v0x5bedfd3ea3f0_0 .net "sh", 0 0, v0x5bedfd3e9930_0;  alias, 1 drivers
L_0x5bedfd3ebf60 .part v0x5bedfd3e9f10_0, 0, 1;
S_0x5bedfd3ea550 .scope module, "reg_multiplicando" "reg_A" 3 35, 8 1 0, S_0x5bedfd3cc500;
 .timescale -9 -12;
    .port_info 0 /INPUT 1 "clk";
    .port_info 1 /INPUT 1 "ld";
    .port_info 2 /INPUT 1 "sh";
    .port_info 3 /INPUT 16 "a";
    .port_info 4 /OUTPUT 32 "A_out";
v0x5bedfd3ea780_0 .var "A_out", 31 0;
v0x5bedfd3ea860_0 .net "a", 15 0, v0x5bedfd3ebd80_0;  alias, 1 drivers
v0x5bedfd3ea920_0 .net "clk", 0 0, v0x5bedfd3eb9a0_0;  alias, 1 drivers
v0x5bedfd3ea9c0_0 .net "ld", 0 0, v0x5bedfd3e97f0_0;  alias, 1 drivers
v0x5bedfd3eaa60_0 .net "sh", 0 0, v0x5bedfd3e9930_0;  alias, 1 drivers
    .scope S_0x5bedfd3e8cd0;
T_0 ;
    %wait E_0x5bedfd3aded0;
    %load/vec4 v0x5bedfd3e9890_0;
    %flag_set/vec4 8;
    %jmp/0xz  T_0.0, 8;
    %pushi/vec4 0, 0, 3;
    %assign/vec4 v0x5bedfd3e99f0_0, 0;
    %jmp T_0.1;
T_0.0 ;
    %load/vec4 v0x5bedfd3e99f0_0;
    %dup/vec4;
    %pushi/vec4 0, 0, 3;
    %cmp/u;
    %jmp/1 T_0.2, 6;
    %dup/vec4;
    %pushi/vec4 1, 0, 3;
    %cmp/u;
    %jmp/1 T_0.3, 6;
    %dup/vec4;
    %pushi/vec4 2, 0, 3;
    %cmp/u;
    %jmp/1 T_0.4, 6;
    %dup/vec4;
    %pushi/vec4 3, 0, 3;
    %cmp/u;
    %jmp/1 T_0.5, 6;
    %dup/vec4;
    %pushi/vec4 4, 0, 3;
    %cmp/u;
    %jmp/1 T_0.6, 6;
    %dup/vec4;
    %pushi/vec4 5, 0, 3;
    %cmp/u;
    %jmp/1 T_0.7, 6;
    %pushi/vec4 0, 0, 3;
    %assign/vec4 v0x5bedfd3e99f0_0, 0;
    %jmp T_0.9;
T_0.2 ;
    %load/vec4 v0x5bedfd3e9660_0;
    %flag_set/vec4 8;
    %jmp/0xz  T_0.10, 8;
    %pushi/vec4 1, 0, 3;
    %assign/vec4 v0x5bedfd3e99f0_0, 0;
    %jmp T_0.11;
T_0.10 ;
    %pushi/vec4 0, 0, 3;
    %assign/vec4 v0x5bedfd3e99f0_0, 0;
T_0.11 ;
    %jmp T_0.9;
T_0.3 ;
    %load/vec4 v0x5bedfd3e9700_0;
    %flag_set/vec4 8;
    %jmp/0xz  T_0.12, 8;
    %pushi/vec4 2, 0, 3;
    %assign/vec4 v0x5bedfd3e99f0_0, 0;
    %jmp T_0.13;
T_0.12 ;
    %pushi/vec4 3, 0, 3;
    %assign/vec4 v0x5bedfd3e99f0_0, 0;
T_0.13 ;
    %jmp T_0.9;
T_0.4 ;
    %pushi/vec4 3, 0, 3;
    %assign/vec4 v0x5bedfd3e99f0_0, 0;
    %jmp T_0.9;
T_0.5 ;
    %pushi/vec4 4, 0, 3;
    %assign/vec4 v0x5bedfd3e99f0_0, 0;
    %jmp T_0.9;
T_0.6 ;
    %load/vec4 v0x5bedfd3e9ad0_0;
    %flag_set/vec4 8;
    %jmp/0xz  T_0.14, 8;
    %pushi/vec4 5, 0, 3;
    %assign/vec4 v0x5bedfd3e99f0_0, 0;
    %jmp T_0.15;
T_0.14 ;
    %pushi/vec4 1, 0, 3;
    %assign/vec4 v0x5bedfd3e99f0_0, 0;
T_0.15 ;
    %jmp T_0.9;
T_0.7 ;
    %load/vec4 v0x5bedfd3e9660_0;
    %flag_set/vec4 8;
    %jmp/0xz  T_0.16, 8;
    %pushi/vec4 5, 0, 3;
    %assign/vec4 v0x5bedfd3e99f0_0, 0;
    %jmp T_0.17;
T_0.16 ;
    %pushi/vec4 0, 0, 3;
    %assign/vec4 v0x5bedfd3e99f0_0, 0;
T_0.17 ;
    %jmp T_0.9;
T_0.9 ;
    %pop/vec4 1;
T_0.1 ;
    %jmp T_0;
    .thread T_0;
    .scope S_0x5bedfd3e8cd0;
T_1 ;
    %wait E_0x5bedfd3ad680;
    %load/vec4 v0x5bedfd3e99f0_0;
    %dup/vec4;
    %pushi/vec4 0, 0, 3;
    %cmp/u;
    %jmp/1 T_1.0, 6;
    %dup/vec4;
    %pushi/vec4 1, 0, 3;
    %cmp/u;
    %jmp/1 T_1.1, 6;
    %dup/vec4;
    %pushi/vec4 2, 0, 3;
    %cmp/u;
    %jmp/1 T_1.2, 6;
    %dup/vec4;
    %pushi/vec4 3, 0, 3;
    %cmp/u;
    %jmp/1 T_1.3, 6;
    %dup/vec4;
    %pushi/vec4 4, 0, 3;
    %cmp/u;
    %jmp/1 T_1.4, 6;
    %dup/vec4;
    %pushi/vec4 5, 0, 3;
    %cmp/u;
    %jmp/1 T_1.5, 6;
    %pushi/vec4 0, 0, 1;
    %store/vec4 v0x5bedfd3e9930_0, 0, 1;
    %pushi/vec4 0, 0, 1;
    %store/vec4 v0x5bedfd3e97f0_0, 0, 1;
    %pushi/vec4 0, 0, 1;
    %store/vec4 v0x5bedfd3e9430_0, 0, 1;
    %pushi/vec4 0, 0, 1;
    %store/vec4 v0x5bedfd3e9590_0, 0, 1;
    %jmp T_1.7;
T_1.0 ;
    %pushi/vec4 0, 0, 1;
    %store/vec4 v0x5bedfd3e9930_0, 0, 1;
    %pushi/vec4 1, 0, 1;
    %store/vec4 v0x5bedfd3e97f0_0, 0, 1;
    %pushi/vec4 0, 0, 1;
    %store/vec4 v0x5bedfd3e9430_0, 0, 1;
    %pushi/vec4 0, 0, 1;
    %store/vec4 v0x5bedfd3e9590_0, 0, 1;
    %jmp T_1.7;
T_1.1 ;
    %pushi/vec4 0, 0, 1;
    %store/vec4 v0x5bedfd3e9930_0, 0, 1;
    %pushi/vec4 0, 0, 1;
    %store/vec4 v0x5bedfd3e97f0_0, 0, 1;
    %pushi/vec4 0, 0, 1;
    %store/vec4 v0x5bedfd3e9430_0, 0, 1;
    %pushi/vec4 0, 0, 1;
    %store/vec4 v0x5bedfd3e9590_0, 0, 1;
    %jmp T_1.7;
T_1.2 ;
    %pushi/vec4 0, 0, 1;
    %store/vec4 v0x5bedfd3e9930_0, 0, 1;
    %pushi/vec4 0, 0, 1;
    %store/vec4 v0x5bedfd3e97f0_0, 0, 1;
    %pushi/vec4 1, 0, 1;
    %store/vec4 v0x5bedfd3e9430_0, 0, 1;
    %pushi/vec4 0, 0, 1;
    %store/vec4 v0x5bedfd3e9590_0, 0, 1;
    %jmp T_1.7;
T_1.3 ;
    %pushi/vec4 1, 0, 1;
    %store/vec4 v0x5bedfd3e9930_0, 0, 1;
    %pushi/vec4 0, 0, 1;
    %store/vec4 v0x5bedfd3e97f0_0, 0, 1;
    %pushi/vec4 0, 0, 1;
    %store/vec4 v0x5bedfd3e9430_0, 0, 1;
    %pushi/vec4 0, 0, 1;
    %store/vec4 v0x5bedfd3e9590_0, 0, 1;
    %jmp T_1.7;
T_1.4 ;
    %pushi/vec4 0, 0, 1;
    %store/vec4 v0x5bedfd3e9930_0, 0, 1;
    %pushi/vec4 0, 0, 1;
    %store/vec4 v0x5bedfd3e97f0_0, 0, 1;
    %pushi/vec4 0, 0, 1;
    %store/vec4 v0x5bedfd3e9430_0, 0, 1;
    %pushi/vec4 0, 0, 1;
    %store/vec4 v0x5bedfd3e9590_0, 0, 1;
    %jmp T_1.7;
T_1.5 ;
    %pushi/vec4 0, 0, 1;
    %store/vec4 v0x5bedfd3e9930_0, 0, 1;
    %pushi/vec4 0, 0, 1;
    %store/vec4 v0x5bedfd3e97f0_0, 0, 1;
    %pushi/vec4 0, 0, 1;
    %store/vec4 v0x5bedfd3e9430_0, 0, 1;
    %pushi/vec4 1, 0, 1;
    %store/vec4 v0x5bedfd3e9590_0, 0, 1;
    %jmp T_1.7;
T_1.7 ;
    %pop/vec4 1;
    %jmp T_1;
    .thread T_1, $push;
    .scope S_0x5bedfd3ea550;
T_2 ;
    %wait E_0x5bedfd3ca980;
    %load/vec4 v0x5bedfd3ea9c0_0;
    %flag_set/vec4 8;
    %jmp/0xz  T_2.0, 8;
    %load/vec4 v0x5bedfd3ea860_0;
    %pad/u 32;
    %assign/vec4 v0x5bedfd3ea780_0, 0;
    %jmp T_2.1;
T_2.0 ;
    %load/vec4 v0x5bedfd3eaa60_0;
    %flag_set/vec4 8;
    %jmp/0xz  T_2.2, 8;
    %load/vec4 v0x5bedfd3ea780_0;
    %ix/load 4, 1, 0;
    %flag_set/imm 4, 0;
    %shiftl 4;
    %assign/vec4 v0x5bedfd3ea780_0, 0;
    %jmp T_2.3;
T_2.2 ;
    %load/vec4 v0x5bedfd3ea780_0;
    %assign/vec4 v0x5bedfd3ea780_0, 0;
T_2.3 ;
T_2.1 ;
    %jmp T_2;
    .thread T_2;
    .scope S_0x5bedfd3e9ca0;
T_3 ;
    %wait E_0x5bedfd3ca980;
    %load/vec4 v0x5bedfd3ea2b0_0;
    %flag_set/vec4 8;
    %jmp/0xz  T_3.0, 8;
    %load/vec4 v0x5bedfd3ea0f0_0;
    %assign/vec4 v0x5bedfd3e9f10_0, 0;
    %jmp T_3.1;
T_3.0 ;
    %load/vec4 v0x5bedfd3ea3f0_0;
    %flag_set/vec4 8;
    %jmp/0xz  T_3.2, 8;
    %load/vec4 v0x5bedfd3e9f10_0;
    %ix/load 4, 1, 0;
    %flag_set/imm 4, 0;
    %shiftr 4;
    %assign/vec4 v0x5bedfd3e9f10_0, 0;
    %jmp T_3.3;
T_3.2 ;
    %load/vec4 v0x5bedfd3e9f10_0;
    %assign/vec4 v0x5bedfd3e9f10_0, 0;
T_3.3 ;
T_3.1 ;
    %jmp T_3;
    .thread T_3;
    .scope S_0x5bedfd3ba1d0;
T_4 ;
    %wait E_0x5bedfd3ca980;
    %load/vec4 v0x5bedfd3e8640_0;
    %flag_set/vec4 8;
    %jmp/0xz  T_4.0, 8;
    %pushi/vec4 0, 0, 32;
    %assign/vec4 v0x5bedfd3a8f60_0, 0;
    %jmp T_4.1;
T_4.0 ;
    %load/vec4 v0x5bedfd3a9dc0_0;
    %flag_set/vec4 8;
    %jmp/0xz  T_4.2, 8;
    %load/vec4 v0x5bedfd3a8f60_0;
    %load/vec4 v0x5bedfd3acaf0_0;
    %add;
    %assign/vec4 v0x5bedfd3a8f60_0, 0;
    %jmp T_4.3;
T_4.2 ;
    %load/vec4 v0x5bedfd3a8f60_0;
    %assign/vec4 v0x5bedfd3a8f60_0, 0;
T_4.3 ;
T_4.1 ;
    %jmp T_4;
    .thread T_4;
    .scope S_0x5bedfd3cc370;
T_5 ;
    %delay 5000, 0;
    %load/vec4 v0x5bedfd3eb9a0_0;
    %inv;
    %store/vec4 v0x5bedfd3eb9a0_0, 0, 1;
    %jmp T_5;
    .thread T_5;
    .scope S_0x5bedfd3cc370;
T_6 ;
    %vpi_call 2 25 "$dumpfile", "multiplicador_TB.vcd" {0 0 0};
    %vpi_call 2 26 "$dumpvars", 32'sb00000000000000000000000000000000, S_0x5bedfd3cc370 {0 0 0};
    %pushi/vec4 0, 0, 1;
    %store/vec4 v0x5bedfd3eb9a0_0, 0, 1;
    %pushi/vec4 1, 0, 1;
    %store/vec4 v0x5bedfd3ebe70_0, 0, 1;
    %pushi/vec4 0, 0, 1;
    %store/vec4 v0x5bedfd3ebb50_0, 0, 1;
    %pushi/vec4 0, 0, 16;
    %store/vec4 v0x5bedfd3ebd80_0, 0, 16;
    %pushi/vec4 0, 0, 16;
    %store/vec4 v0x5bedfd3ebc40_0, 0, 16;
    %delay 20000, 0;
    %pushi/vec4 0, 0, 1;
    %store/vec4 v0x5bedfd3ebe70_0, 0, 1;
    %delay 10000, 0;
    %pushi/vec4 5, 0, 16;
    %store/vec4 v0x5bedfd3ebd80_0, 0, 16;
    %pushi/vec4 6, 0, 16;
    %store/vec4 v0x5bedfd3ebc40_0, 0, 16;
    %pushi/vec4 1, 0, 1;
    %store/vec4 v0x5bedfd3ebb50_0, 0, 1;
    %delay 11000, 0;
    %pushi/vec4 0, 0, 1;
    %store/vec4 v0x5bedfd3ebb50_0, 0, 1;
    %wait E_0x5bedfd3cabd0;
    %delay 11000, 0;
    %vpi_call 2 48 "$display", "PRUEBA 1 -> %d x %d = %d", v0x5bedfd3ebd80_0, v0x5bedfd3ebc40_0, v0x5bedfd3eb870_0 {0 0 0};
    %delay 41000, 0;
    %pushi/vec4 12, 0, 16;
    %store/vec4 v0x5bedfd3ebd80_0, 0, 16;
    %pushi/vec4 11, 0, 16;
    %store/vec4 v0x5bedfd3ebc40_0, 0, 16;
    %pushi/vec4 1, 0, 1;
    %store/vec4 v0x5bedfd3ebb50_0, 0, 1;
    %delay 11000, 0;
    %pushi/vec4 0, 0, 1;
    %store/vec4 v0x5bedfd3ebb50_0, 0, 1;
    %wait E_0x5bedfd3cabd0;
    %delay 11000, 0;
    %vpi_call 2 60 "$display", "PRUEBA 2 -> %d x %d = %d", v0x5bedfd3ebd80_0, v0x5bedfd3ebc40_0, v0x5bedfd3eb870_0 {0 0 0};
    %delay 41000, 0;
    %vpi_call 2 63 "$finish" {0 0 0};
    %end;
    .thread T_6;
# The file index is used to find the file name in the following table.
:file_names 9;
    "N/A";
    "<interactive>";
    "multiplicador_TB.v";
    "multiplicador.v";
    "acc.v";
    "comp_mult.v";
    "control.v";
    "reg_B.v";
    "reg_A.v";
